<?xml version="1.0" encoding="utf-8"?>
<TestRun id="c13d2a63-1a85-43ce-9712-5442874a647c" name="moha9@MO 2026-04-29 15:49:15" runUser="MO\moha9" xmlns="http://microsoft.com/schemas/VisualStudio/TeamTest/2010">
  <Times creation="2026-04-29T15:49:15.2786201+02:00" queuing="2026-04-29T15:49:15.2786204+02:00" start="2026-04-29T15:49:14.5720233+02:00" finish="2026-04-29T15:49:19.1094722+02:00" />
  <TestSettings name="default" id="e5c39ad2-0e2e-4bae-8d21-c77d4587d069">
    <Deployment runDeploymentRoot="moha9_MO_2026-04-29_15_49_15" />
  </TestSettings>
  <Results>
    <UnitTestResult executionId="d5baa0e8-ffb7-444f-b046-bd6028151795" testId="7f948a6e-4a8a-5729-0700-ec0c62aa8d1e" testName="WorkAudit.Tests.Backup.BackupServiceTests.CreateBackupAsync_WithoutDocuments_ShouldCreateDatabaseBackup" computerName="MO" duration="00:00:00.0152725" startTime="2026-04-29T15:49:18.2126273+02:00" endTime="2026-04-29T15:49:18.2126278+02:00" testType="13cdc9d9-ddb5-4fa4-a97d-d965ccfc6d4b" outcome="Passed" testListId="8c84fa94-04c1-424b-9868-57a2d4851a1d" relativeResultsDirectory="d5baa0e8-ffb7-444f-b046-bd6028151795" />
    <UnitTestResult executionId="675a25d8-dbf8-49a5-8c86-0c5283c03158" testId="97797865-a572-32ee-3398-23f1e42d8d8a" testName="WorkAudit.Tests.TextExtraction.OcrSelectableTextLayoutBuilderTests.GetTextForSpanRange_Inclusive_ReturnsSubstring" computerName="MO" duration="00:00:00.0005268" startTime="2026-04-29T15:49:15.2727929+02:00" endTime="2026-04-29T15:49:15.2727930+02:00" testType="13cdc9d9-ddb5-4fa4-a97d-d965ccfc6d4b" outcome="Passed" testListId="8c84fa94-04c1-424b-9868-57a2d4851a1d" relativeResultsDirectory="675a25d8-dbf8-49a5-8c86-0c5283c03158" />
    <UnitTestResult executionId="01b5f98e-2d89-4d3a-99d4-8756f61b7032" testId="40242765-ec89-eadb-7997-fbabc3e2d9e9" testName="WorkAudit.Tests.Security.PermissionServiceTests.CanDeleteDocument_Administrator_ShouldReturnTrue" computerName="MO" duration="00:00:00.0007076" startTime="2026-04-29T15:49:15.3568768+02:00" endTime="2026-04-29T15:49:15.3568769+02:00" testType="13cdc9d9-ddb5-4fa4-a97d-d965ccfc6d4b" outcome="Passed" testListId="8c84fa94-04c1-424b-9868-57a2d4851a1d" relativeResultsDirectory="01b5f98e-2d89-4d3a-99d4-8756f61b7032" />
    <UnitTestResult executionId="93e760ec-81ff-49b9-bd92-a0ce3db81fec" testId="34de55dc-3b26-cb6b-626a-b61c44430484" testName="WorkAudit.Tests.Backup.BackupServiceTests.GetBackupHistory_ShouldReturnList" computerName="MO" duration="00:00:00.1819494" startTime="2026-04-29T15:49:18.6214590+02:00" endTime="2026-04-29T15:49:18.6214595+02:00" testType="13cdc9d9-ddb5-4fa4-a97d-d965ccfc6d4b" outcome="Passed" testListId="8c84fa94-04c1-424b-9868-57a2d4851a1d" relativeResultsDirectory="93e760ec-81ff-49b9-bd92-a0ce3db81fec" />
    <UnitTestResult executionId="603089fe-d3b1-46b4-b5d6-7d32e42374bc" testId="3e089fbe-7293-a041-3871-1945119dba29" testName="WorkAudit.Tests.Domain.BranchesTests.ToConcreteBranchOrDefault_Normalizes(branch: &quot;Misrata Branch&quot;, expected: &quot;Misrata Branch&quot;)" computerName="MO" duration="00:00:00.0003746" startTime="2026-04-29T15:49:15.2561479+02:00" endTime="2026-04-29T15:49:15.2561479+02:00" testType="13cdc9d9-ddb5-4fa4-a97d-d965ccfc6d4b" outcome="Passed" testListId="8c84fa94-04c1-424b-9868-57a2d4851a1d" relativeResultsDirectory="603089fe-d3b1-46b4-b5d6-7d32e42374bc" />
    <UnitTestResult executionId="5b805055-93aa-4ee6-854f-933cad1ba89b" testId="336dda5d-8168-92df-de75-e07ebef8cb19" testName="WorkAudit.Tests.Reports.ReportTemplateStoreTests.GetTemplateAsync_ExistingTemplate_ShouldReturnTemplate" computerName="MO" duration="00:00:00.0010000" startTime="2026-04-29T15:49:15.2720070+02:00" endTime="2026-04-29T15:49:15.2720071+02:00" testType="13cdc9d9-ddb5-4fa4-a97d-d965ccfc6d4b" outcome="NotExecuted" testListId="8c84fa94-04c1-424b-9868-57a2d4851a1d" relativeResultsDirectory="5b805055-93aa-4ee6-854f-933cad1ba89b">
      <Output>
        <ErrorInfo>
          <Message>Exception of type 'Xunit.SkipException' was thrown.</Message>
        </ErrorInfo>
      </Output>
    </UnitTestResult>
    <UnitTestResult executionId="88165c95-58ca-4ffa-b425-c452481c1476" testId="1d68c719-a631-4ab0-d069-2f60c7fb7d02" testName="WorkAudit.Tests.Security.PasswordServiceTests.VerifyPassword_CorrectPassword_ShouldReturnTrue" computerName="MO" duration="00:00:00.4198187" startTime="2026-04-29T15:49:17.4426235+02:00" endTime="2026-04-29T15:49:17.4426239+02:00" testType="13cdc9d9-ddb5-4fa4-a97d-d965ccfc6d4b" outcome="Passed" testListId="8c84fa94-04c1-424b-9868-57a2d4851a1d" relativeResultsDirectory="88165c95-58ca-4ffa-b425-c452481c1476" />
    <UnitTestResult executionId="18f6dd83-8d71-4ffd-9da3-ee7e8118cfbc" testId="379c1f30-46db-f499-135b-55ca87de8629" testName="WorkAudit.Tests.Reports.ReportBuilderServiceTests.CreateTemplateAsync_ShouldSetCreatedAtAndCallStore" computerName="MO" duration="00:00:00.0042788" startTime="2026-04-29T15:49:15.3807415+02:00" endTime="2026-04-29T15:49:15.3807418+02:00" testType="13cdc9d9-ddb5-4fa4-a97d-d965ccfc6d4b" outcome="Passed" testListId="8c84fa94-04c1-424b-9868-57a2d4851a1d" relativeResultsDirectory="18f6dd83-8d71-4ffd-9da3-ee7e8118cfbc" />
    <UnitTestResult executionId="463ff4cc-3801-4041-b197-0da41eb482b3" testId="6daf3d9e-b8b5-2cae-5b9a-92086a5ed382" testName="WorkAudit.Tests.Reports.ReportBuilderServiceTests.ValidateTemplate_EmptyName_ShouldReturnInvalid" computerName="MO" duration="00:00:00.0002323" startTime="2026-04-29T15:49:15.3819711+02:00" endTime="2026-04-29T15:49:15.3819712+02:00" testType="13cdc9d9-ddb5-4fa4-a97d-d965ccfc6d4b" outcome="Passed" testListId="8c84fa94-04c1-424b-9868-57a2d4851a1d" relativeResultsDirectory="463ff4cc-3801-4041-b197-0da41eb482b3" />
    <UnitTestResult executionId="7930ec87-4529-435e-9337-8d3f95c54409" testId="0654732f-75d6-8441-9940-33b43dd7fc77" testName="WorkAudit.Tests.Reports.ReportTemplateStoreTests.CreateTemplateAsync_ShouldCreateAndReturnId" computerName="MO" duration="00:00:00.0010000" startTime="2026-04-29T15:49:15.2655341+02:00" endTime="2026-04-29T15:49:15.2655342+02:00" testType="13cdc9d9-ddb5-4fa4-a97d-d965ccfc6d4b" outcome="NotExecuted" testListId="8c84fa94-04c1-424b-9868-57a2d4851a1d" relativeResultsDirectory="7930ec87-4529-435e-9337-8d3f95c54409">
      <Output>
        <ErrorInfo>
          <Message>Exception of type 'Xunit.SkipException' was thrown.</Message>
        </ErrorInfo>
      </Output>
    </UnitTestResult>
    <UnitTestResult executionId="c75d8811-36ea-4d00-8555-dbb7fe46fb24" testId="63e8d688-c532-e50c-2fad-21257f90d034" testName="WorkAudit.Tests.Integration.ImportWorkflowTests.CreateTestImage_ShouldCreateValidPath" computerName="MO" duration="00:00:00.0012891" startTime="2026-04-29T15:49:15.2654554+02:00" endTime="2026-04-29T15:49:15.2654555+02:00" testType="13cdc9d9-ddb5-4fa4-a97d-d965ccfc6d4b" outcome="Passed" testListId="8c84fa94-04c1-424b-9868-57a2d4851a1d" relativeResultsDirectory="c75d8811-36ea-4d00-8555-dbb7fe46fb24" />
    <UnitTestResult executionId="c9a7ed17-8a8d-420f-9fa5-5fff78cd3cab" testId="635e9c48-4de3-de4b-6eab-a86783ef77db" testName="WorkAudit.Tests.Integration.OracleCompatibilitySmokeTests.StorageLayer_ShouldRoundTripAuditAndPaginationQueries" computerName="MO" duration="00:00:00.0010000" startTime="2026-04-29T15:49:15.2730593+02:00" endTime="2026-04-29T15:49:15.2730594+02:00" testType="13cdc9d9-ddb5-4fa4-a97d-d965ccfc6d4b" outcome="NotExecuted" testListId="8c84fa94-04c1-424b-9868-57a2d4851a1d" relativeResultsDirectory="c9a7ed17-8a8d-420f-9fa5-5fff78cd3cab">
      <Output>
        <ErrorInfo>
          <Message>Exception of type 'Xunit.SkipException' was thrown.</Message>
        </ErrorInfo>
      </Output>
    </UnitTestResult>
    <UnitTestResult executionId="702ad24b-4941-4ecc-994d-632b7d0e4f40" testId="565637cf-e45f-ad6c-5110-44315bd48282" testName="WorkAudit.Tests.Core.TeamTaskPeriodHelperTests.Active_window_respects_start_and_end" computerName="MO" duration="00:00:00.0017828" startTime="2026-04-29T15:49:15.2366129+02:00" endTime="2026-04-29T15:49:15.2366129+02:00" testType="13cdc9d9-ddb5-4fa4-a97d-d965ccfc6d4b" outcome="Passed" testListId="8c84fa94-04c1-424b-9868-57a2d4851a1d" relativeResultsDirectory="702ad24b-4941-4ecc-994d-632b7d0e4f40" />
    <UnitTestResult executionId="891e9c11-0446-4a4a-90d1-58e5e45147f2" testId="96de3316-7f44-6ed9-0689-3e1c7da17c98" testName="WorkAudit.Tests.Integration.ReportBuilderIntegrationTests.ReportGeneration_WithDateRange_ShouldFilterByDate" computerName="MO" duration="00:00:00.0010000" startTime="2026-04-29T15:49:15.2586903+02:00" endTime="2026-04-29T15:49:15.2586904+02:00" testType="13cdc9d9-ddb5-4fa4-a97d-d965ccfc6d4b" outcome="NotExecuted" testListId="8c84fa94-04c1-424b-9868-57a2d4851a1d" relativeResultsDirectory="891e9c11-0446-4a4a-90d1-58e5e45147f2">
      <Output>
        <ErrorInfo>
          <Message>Exception of type 'Xunit.SkipException' was thrown.</Message>
        </ErrorInfo>
      </Output>
    </UnitTestResult>
    <UnitTestResult executionId="4f966676-e183-4e09-a40a-5ac04384e3b8" testId="beddc9d6-dbec-62fb-be3c-ccc6acee01bd" testName="WorkAudit.Tests.Security.PasswordServiceTests.HashPassword_EmptyPassword_ShouldThrowException" computerName="MO" duration="00:00:00.0006519" startTime="2026-04-29T15:49:17.8981096+02:00" endTime="2026-04-29T15:49:17.8981099+02:00" testType="13cdc9d9-ddb5-4fa4-a97d-d965ccfc6d4b" outcome="Passed" testListId="8c84fa94-04c1-424b-9868-57a2d4851a1d" relativeResultsDirectory="4f966676-e183-4e09-a40a-5ac04384e3b8" />
    <UnitTestResult executionId="dbd8c29c-a14e-4f7a-8996-22052efe98a3" testId="913633d7-5a2d-d9e0-133e-68c9a4b01023" testName="WorkAudit.Tests.Reports.ReportBuilderServiceTests.ValidateTemplate_IsNotNullFilter_ShouldBeValid" computerName="MO" duration="00:00:00.0002159" startTime="2026-04-29T15:49:15.3761064+02:00" endTime="2026-04-29T15:49:15.3761064+02:00" testType="13cdc9d9-ddb5-4fa4-a97d-d965ccfc6d4b" outcome="Passed" testListId="8c84fa94-04c1-424b-9868-57a2d4851a1d" relativeResultsDirectory="dbd8c29c-a14e-4f7a-8996-22052efe98a3" />
    <UnitTestResult executionId="4816deee-73e1-4820-8a23-3c88c3b974a8" testId="048aac5a-0363-fb6e-d34c-2c1882eee8af" testName="WorkAudit.Tests.Security.PermissionServiceTests.HasMinimumRole_Administrator_ShouldHaveAllRoles" computerName="MO" duration="00:00:00.0009942" startTime="2026-04-29T15:49:15.3676209+02:00" endTime="2026-04-29T15:49:15.3676210+02:00" testType="13cdc9d9-ddb5-4fa4-a97d-d965ccfc6d4b" outcome="Passed" testListId="8c84fa94-04c1-424b-9868-57a2d4851a1d" relativeResultsDirectory="4816deee-73e1-4820-8a23-3c88c3b974a8" />
    <UnitTestResult executionId="528ec7fb-b041-4c37-836d-f191c924edb6" testId="7d163d6a-96f2-afa2-1b3b-e8a3b8a920a9" testName="WorkAudit.Tests.Security.PermissionServiceTests.CanDeleteDocument_Manager_ShouldReturnTrue" computerName="MO" duration="00:00:00.0021706" startTime="2026-04-29T15:49:15.3726610+02:00" endTime="2026-04-29T15:49:15.3726614+02:00" testType="13cdc9d9-ddb5-4fa4-a97d-d965ccfc6d4b" outcome="Passed" testListId="8c84fa94-04c1-424b-9868-57a2d4851a1d" relativeResultsDirectory="528ec7fb-b041-4c37-836d-f191c924edb6" />
    <UnitTestResult executionId="514ec895-6424-4523-b7e8-82cf6bdc128f" testId="1842c3f5-f95a-a3a2-a991-5e8e7198fdef" testName="WorkAudit.Tests.Integration.DocumentStoreTests.Update_ShouldModifyDocument" computerName="MO" duration="00:00:00.0010000" startTime="2026-04-29T15:49:15.2549501+02:00" endTime="2026-04-29T15:49:15.2549502+02:00" testType="13cdc9d9-ddb5-4fa4-a97d-d965ccfc6d4b" outcome="NotExecuted" testListId="8c84fa94-04c1-424b-9868-57a2d4851a1d" relativeResultsDirectory="514ec895-6424-4523-b7e8-82cf6bdc128f">
      <Output>
        <ErrorInfo>
          <Message>Exception of type 'Xunit.SkipException' was thrown.</Message>
        </ErrorInfo>
      </Output>
    </UnitTestResult>
    <UnitTestResult executionId="6fd2835f-a76f-4c29-bbbe-b9b8ce2219a8" testId="03a3f03c-834d-8e3e-2115-f1bb5dce6c45" testName="WorkAudit.Tests.TextExtraction.OcrBilingualOrganizerTests.Organize_CreatesLanguageSections" computerName="MO" duration="00:00:00.0134778" startTime="2026-04-29T15:49:15.2367317+02:00" endTime="2026-04-29T15:49:15.2367317+02:00" testType="13cdc9d9-ddb5-4fa4-a97d-d965ccfc6d4b" outcome="Passed" testListId="8c84fa94-04c1-424b-9868-57a2d4851a1d" relativeResultsDirectory="6fd2835f-a76f-4c29-bbbe-b9b8ce2219a8" />
    <UnitTestResult executionId="777ba037-2822-425b-8de1-4258fe1a3154" testId="9c70b796-17ac-ddb4-01da-9df23ef96ec2" testName="WorkAudit.Tests.Reports.ReportTemplateStoreTests.GetTemplateAsync_NonExistingTemplate_ShouldReturnNull" computerName="MO" duration="00:00:00.0010000" startTime="2026-04-29T15:49:15.2718390+02:00" endTime="2026-04-29T15:49:15.2718391+02:00" testType="13cdc9d9-ddb5-4fa4-a97d-d965ccfc6d4b" outcome="NotExecuted" testListId="8c84fa94-04c1-424b-9868-57a2d4851a1d" relativeResultsDirectory="777ba037-2822-425b-8de1-4258fe1a3154">
      <Output>
        <ErrorInfo>
          <Message>Exception of type 'Xunit.SkipException' was thrown.</Message>
        </ErrorInfo>
      </Output>
    </UnitTestResult>
    <UnitTestResult executionId="ae89d5ff-1596-4cf4-bfe7-2d68d2021d74" testId="605d7d10-4154-86c1-9c7c-d3e81c2973af" testName="WorkAudit.Tests.Domain.BranchesTests.ScopesToAllBranches_MatchesSentinel(branch: &quot; ALL BRANCHES &quot;, expected: True)" computerName="MO" duration="00:00:00.0000587" startTime="2026-04-29T15:49:15.2567763+02:00" endTime="2026-04-29T15:49:15.2567764+02:00" testType="13cdc9d9-ddb5-4fa4-a97d-d965ccfc6d4b" outcome="Passed" testListId="8c84fa94-04c1-424b-9868-57a2d4851a1d" relativeResultsDirectory="ae89d5ff-1596-4cf4-bfe7-2d68d2021d74" />
    <UnitTestResult executionId="7340999b-cf2a-44bd-b5bc-844134442bdb" testId="bd470f97-f447-a0c6-1441-d2c5d717e5e3" testName="WorkAudit.Tests.Backup.BackupServiceTests.CreateBackupAsync_DefaultPath_ShouldUseDefaultDirectory" computerName="MO" duration="00:00:00.0163439" startTime="2026-04-29T15:49:19.0542055+02:00" endTime="2026-04-29T15:49:19.0542060+02:00" testType="13cdc9d9-ddb5-4fa4-a97d-d965ccfc6d4b" outcome="Passed" testListId="8c84fa94-04c1-424b-9868-57a2d4851a1d" relativeResultsDirectory="7340999b-cf2a-44bd-b5bc-844134442bdb" />
    <UnitTestResult executionId="6504bb7f-83df-4417-8be7-97b5fbb1fdd0" testId="85a41070-e6da-3b3d-d766-8df4cac05f9f" testName="WorkAudit.Tests.Security.PermissionServiceCriticalPathTests.Auditor_CanEditDraft_InHomeBranch" computerName="MO" duration="00:00:00.0004736" startTime="2026-04-29T15:49:15.3470634+02:00" endTime="2026-04-29T15:49:15.3470636+02:00" testType="13cdc9d9-ddb5-4fa4-a97d-d965ccfc6d4b" outcome="Passed" testListId="8c84fa94-04c1-424b-9868-57a2d4851a1d" relativeResultsDirectory="6504bb7f-83df-4417-8be7-97b5fbb1fdd0" />
    <UnitTestResult executionId="a73a3112-744f-4470-9936-e94d99c36b41" testId="b194d923-31a9-ca66-9a0e-b21a24d866ce" testName="WorkAudit.Tests.Domain.BranchesTests.ToConcreteBranchOrDefault_Normalizes(branch: &quot;main branch&quot;, expected: &quot;Main Branch&quot;)" computerName="MO" duration="00:00:00.0000018" startTime="2026-04-29T15:49:15.2567401+02:00" endTime="2026-04-29T15:49:15.2567402+02:00" testType="13cdc9d9-ddb5-4fa4-a97d-d965ccfc6d4b" outcome="Passed" testListId="8c84fa94-04c1-424b-9868-57a2d4851a1d" relativeResultsDirectory="a73a3112-744f-4470-9936-e94d99c36b41" />
    <UnitTestResult executionId="4f0de630-a486-4458-b1f7-f0fe56a580e6" testId="d901e8cc-b56c-7c47-2f27-c8897f81aa83" testName="WorkAudit.Tests.Integration.ImportServiceIntegrationTests.ImportFilesAsync_SameBytesDifferentPaths_SkipsAfterFirstWhenSkipDuplicates" computerName="MO" duration="00:00:00.0010000" startTime="2026-04-29T15:49:15.3515626+02:00" endTime="2026-04-29T15:49:15.3515629+02:00" testType="13cdc9d9-ddb5-4fa4-a97d-d965ccfc6d4b" outcome="NotExecuted" testListId="8c84fa94-04c1-424b-9868-57a2d4851a1d" relativeResultsDirectory="4f0de630-a486-4458-b1f7-f0fe56a580e6">
      <Output>
        <ErrorInfo>
          <Message>Exception of type 'Xunit.SkipException' was thrown.</Message>
        </ErrorInfo>
      </Output>
    </UnitTestResult>
    <UnitTestResult executionId="85663a67-a3eb-499b-933f-11796d5c3b40" testId="2a624a3a-561e-97ba-baf6-32ad59286d0b" testName="WorkAudit.Tests.Domain.ControlPanelAccessPolicyTests.Full_control_panel_requires_manager_role(role: &quot;Viewer&quot;, expectedFullPanel: False)" computerName="MO" duration="00:00:00.0000060" startTime="2026-04-29T15:49:15.2551391+02:00" endTime="2026-04-29T15:49:15.2551391+02:00" testType="13cdc9d9-ddb5-4fa4-a97d-d965ccfc6d4b" outcome="Passed" testListId="8c84fa94-04c1-424b-9868-57a2d4851a1d" relativeResultsDirectory="85663a67-a3eb-499b-933f-11796d5c3b40" />
    <UnitTestResult executionId="919872a9-3024-4515-92e8-c9f780a2d9dc" testId="9a736809-1b1b-a421-576b-6df78711e32f" testName="WorkAudit.Tests.Integration.DocumentStoreTests.ListDocuments_TextSearch_ShouldMatchByDocumentId" computerName="MO" duration="00:00:00.0010000" startTime="2026-04-29T15:49:15.2541498+02:00" endTime="2026-04-29T15:49:15.2541499+02:00" testType="13cdc9d9-ddb5-4fa4-a97d-d965ccfc6d4b" outcome="NotExecuted" testListId="8c84fa94-04c1-424b-9868-57a2d4851a1d" relativeResultsDirectory="919872a9-3024-4515-92e8-c9f780a2d9dc">
      <Output>
        <ErrorInfo>
          <Message>Exception of type 'Xunit.SkipException' was thrown.</Message>
        </ErrorInfo>
      </Output>
    </UnitTestResult>
    <UnitTestResult executionId="994f1c99-9bef-4c96-80fe-29aa4222732c" testId="25e2bd3e-292c-4a2d-825c-910abf5d378e" testName="WorkAudit.Tests.Security.PermissionServiceTests.CanAccessDocument_Auditor_DifferentBranch_ActiveAssignment_ShouldReturnTrue" computerName="MO" duration="00:00:00.0061380" startTime="2026-04-29T15:49:15.3551025+02:00" endTime="2026-04-29T15:49:15.3551025+02:00" testType="13cdc9d9-ddb5-4fa4-a97d-d965ccfc6d4b" outcome="Passed" testListId="8c84fa94-04c1-424b-9868-57a2d4851a1d" relativeResultsDirectory="994f1c99-9bef-4c96-80fe-29aa4222732c" />
    <UnitTestResult executionId="390fa590-fad4-4260-aa33-afd12714acb2" testId="1088eeee-dfb5-ab29-32b0-5f1546e8297e" testName="WorkAudit.Tests.Integration.SharedOracleConcurrencyTests.UpdateResult_WithStaleExpectedUpdatedAt_ReturnsConcurrencyFailure" computerName="MO" duration="00:00:00.0010000" startTime="2026-04-29T15:49:15.2513669+02:00" endTime="2026-04-29T15:49:15.2513670+02:00" testType="13cdc9d9-ddb5-4fa4-a97d-d965ccfc6d4b" outcome="NotExecuted" testListId="8c84fa94-04c1-424b-9868-57a2d4851a1d" relativeResultsDirectory="390fa590-fad4-4260-aa33-afd12714acb2">
      <Output>
        <ErrorInfo>
          <Message>Exception of type 'Xunit.SkipException' was thrown.</Message>
        </ErrorInfo>
      </Output>
    </UnitTestResult>
    <UnitTestResult executionId="847bf2e1-baa5-4e41-b693-506e4394979f" testId="8d146791-04c3-d1a4-43ce-4cc0851ecbd4" testName="WorkAudit.Tests.TextExtraction.OcrTextNormalizerTests.Normalize_OcrError_PassthroughTrimmed" computerName="MO" duration="00:00:00.0001898" startTime="2026-04-29T15:49:15.2533139+02:00" endTime="2026-04-29T15:49:15.2533139+02:00" testType="13cdc9d9-ddb5-4fa4-a97d-d965ccfc6d4b" outcome="Passed" testListId="8c84fa94-04c1-424b-9868-57a2d4851a1d" relativeResultsDirectory="847bf2e1-baa5-4e41-b693-506e4394979f" />
    <UnitTestResult executionId="bbc1f519-c5a1-4e06-ad6e-46aa60b329b0" testId="79b8070c-52cb-b1da-83ee-9564e99a291b" testName="WorkAudit.Tests.Reports.ReportTemplateStoreTests.CreateTemplateAsync_WithComplexFiltersAndSorting_ShouldPreserveAll" computerName="MO" duration="00:00:00.0010000" startTime="2026-04-29T15:49:15.2589188+02:00" endTime="2026-04-29T15:49:15.2589188+02:00" testType="13cdc9d9-ddb5-4fa4-a97d-d965ccfc6d4b" outcome="NotExecuted" testListId="8c84fa94-04c1-424b-9868-57a2d4851a1d" relativeResultsDirectory="bbc1f519-c5a1-4e06-ad6e-46aa60b329b0">
      <Output>
        <ErrorInfo>
          <Message>Exception of type 'Xunit.SkipException' was thrown.</Message>
        </ErrorInfo>
      </Output>
    </UnitTestResult>
    <UnitTestResult executionId="7cbbe828-7aba-4788-b7e9-d91f78270696" testId="ae6000f1-83e0-dd40-c9b5-af684f9fe643" testName="WorkAudit.Tests.Security.DatabaseEncryptionServiceTests.EncryptDatabaseFile_AlreadyEncrypted_ShouldNotReEncrypt" computerName="MO" duration="00:00:00.1335600" startTime="2026-04-29T15:49:15.5473323+02:00" endTime="2026-04-29T15:49:15.5473327+02:00" testType="13cdc9d9-ddb5-4fa4-a97d-d965ccfc6d4b" outcome="Passed" testListId="8c84fa94-04c1-424b-9868-57a2d4851a1d" relativeResultsDirectory="7cbbe828-7aba-4788-b7e9-d91f78270696" />
    <UnitTestResult executionId="0d062a1c-9505-4dbd-a238-032607a54522" testId="55bdb2a2-c4c3-e054-096e-1fbb14544801" testName="WorkAudit.Tests.Security.DatabaseEncryptionServiceTests.DecryptDatabaseFile_NonExistentFile_ShouldThrowException" computerName="MO" duration="00:00:00.0023452" startTime="2026-04-29T15:49:15.8478516+02:00" endTime="2026-04-29T15:49:15.8478520+02:00" testType="13cdc9d9-ddb5-4fa4-a97d-d965ccfc6d4b" outcome="Passed" testListId="8c84fa94-04c1-424b-9868-57a2d4851a1d" relativeResultsDirectory="0d062a1c-9505-4dbd-a238-032607a54522" />
    <UnitTestResult executionId="6e781a47-22dc-4c5a-85a6-13e56f1712a6" testId="829f8fc1-e7c3-0f5c-7c0a-0e08713e167b" testName="WorkAudit.Tests.Domain.ControlPanelAccessPolicyTests.Full_control_panel_requires_manager_role(role: &quot;Manager&quot;, expectedFullPanel: True)" computerName="MO" duration="00:00:00.0000022" startTime="2026-04-29T15:49:15.2551787+02:00" endTime="2026-04-29T15:49:15.2551788+02:00" testType="13cdc9d9-ddb5-4fa4-a97d-d965ccfc6d4b" outcome="Passed" testListId="8c84fa94-04c1-424b-9868-57a2d4851a1d" relativeResultsDirectory="6e781a47-22dc-4c5a-85a6-13e56f1712a6" />
    <UnitTestResult executionId="c9f22cbc-f017-41a1-a061-805127c03ef8" testId="3955a89f-b58a-57fc-8179-cc7c24d6d68f" testName="WorkAudit.Tests.Security.PermissionServiceCriticalPathTests.Manager_HasArchiveDisposePermission" computerName="MO" duration="00:00:00.0004728" startTime="2026-04-29T15:49:15.3461549+02:00" endTime="2026-04-29T15:49:15.3461553+02:00" testType="13cdc9d9-ddb5-4fa4-a97d-d965ccfc6d4b" outcome="Passed" testListId="8c84fa94-04c1-424b-9868-57a2d4851a1d" relativeResultsDirectory="c9f22cbc-f017-41a1-a061-805127c03ef8" />
    <UnitTestResult executionId="70df1072-33e0-49d8-bf6f-6ef2aa382b95" testId="ffc59c23-ac13-c92e-2f03-4473505c7a5c" testName="WorkAudit.Tests.Storage.ConfigStoreTests.GetSettingBool_NonExistent_ShouldReturnDefault" computerName="MO" duration="00:00:00.0010000" startTime="2026-04-29T15:49:15.2661761+02:00" endTime="2026-04-29T15:49:15.2661762+02:00" testType="13cdc9d9-ddb5-4fa4-a97d-d965ccfc6d4b" outcome="NotExecuted" testListId="8c84fa94-04c1-424b-9868-57a2d4851a1d" relativeResultsDirectory="70df1072-33e0-49d8-bf6f-6ef2aa382b95">
      <Output>
        <ErrorInfo>
          <Message>Exception of type 'Xunit.SkipException' was thrown.</Message>
        </ErrorInfo>
      </Output>
    </UnitTestResult>
    <UnitTestResult executionId="fcd4bdf7-a3c5-4345-b48e-2f2eb07a2db7" testId="d87bb041-99aa-3e6d-ee7b-227f278ecab0" testName="WorkAudit.Tests.Integration.SharedOracleConcurrencyTests.UpdateResult_WithFreshExpectedUpdatedAt_Succeeds" computerName="MO" duration="00:00:00.0010000" startTime="2026-04-29T15:49:15.2504553+02:00" endTime="2026-04-29T15:49:15.2504555+02:00" testType="13cdc9d9-ddb5-4fa4-a97d-d965ccfc6d4b" outcome="NotExecuted" testListId="8c84fa94-04c1-424b-9868-57a2d4851a1d" relativeResultsDirectory="fcd4bdf7-a3c5-4345-b48e-2f2eb07a2db7">
      <Output>
        <ErrorInfo>
          <Message>Exception of type 'Xunit.SkipException' was thrown.</Message>
        </ErrorInfo>
      </Output>
    </UnitTestResult>
    <UnitTestResult executionId="f870510e-f161-49ce-b6ce-dab9e275c67b" testId="39678870-cb5d-47b1-2316-1cd175a3c2ab" testName="WorkAudit.Tests.Reports.ReportBuilderServiceTests.GetOperatorsForField_Number_ShouldReturnNumericOperators" computerName="MO" duration="00:00:00.0004346" startTime="2026-04-29T15:49:15.3813045+02:00" endTime="2026-04-29T15:49:15.3813046+02:00" testType="13cdc9d9-ddb5-4fa4-a97d-d965ccfc6d4b" outcome="Passed" testListId="8c84fa94-04c1-424b-9868-57a2d4851a1d" relativeResultsDirectory="f870510e-f161-49ce-b6ce-dab9e275c67b" />
    <UnitTestResult executionId="de63457a-fedc-422a-a3b0-d968df6d4474" testId="127280ae-0aa3-8e3d-4570-05bdd4ab61f6" testName="WorkAudit.Tests.Core.Services.ShellNavigationServiceTests.TryActivateView_WithInvalidIndex_DoesNotInvokeCallback" computerName="MO" duration="00:00:00.0001459" startTime="2026-04-29T15:49:15.2560888+02:00" endTime="2026-04-29T15:49:15.2560888+02:00" testType="13cdc9d9-ddb5-4fa4-a97d-d965ccfc6d4b" outcome="Passed" testListId="8c84fa94-04c1-424b-9868-57a2d4851a1d" relativeResultsDirectory="de63457a-fedc-422a-a3b0-d968df6d4474" />
    <UnitTestResult executionId="d32cddff-de69-49f0-ab0c-f664dd379b7b" testId="05935331-77db-28f5-b36b-b27a043c321a" testName="WorkAudit.Tests.Security.SecureConfigServiceTests.Decrypt_WithoutPrefix_ShouldReturnOriginalValue" computerName="MO" duration="00:00:00.0004480" startTime="2026-04-29T15:49:15.4305535+02:00" endTime="2026-04-29T15:49:15.4305536+02:00" testType="13cdc9d9-ddb5-4fa4-a97d-d965ccfc6d4b" outcome="Passed" testListId="8c84fa94-04c1-424b-9868-57a2d4851a1d" relativeResultsDirectory="d32cddff-de69-49f0-ab0c-f664dd379b7b" />
    <UnitTestResult executionId="c33a9643-cd2d-493b-9171-8ddc74a2938b" testId="d6be4f30-64da-7e19-9431-3c6b7ed75798" testName="WorkAudit.Tests.Core.Services.ShellNavigationServiceTests.TryActivateView_WithValidIndex_InvokesCallback" computerName="MO" duration="00:00:00.0074958" startTime="2026-04-29T15:49:15.2560515+02:00" endTime="2026-04-29T15:49:15.2560516+02:00" testType="13cdc9d9-ddb5-4fa4-a97d-d965ccfc6d4b" outcome="Passed" testListId="8c84fa94-04c1-424b-9868-57a2d4851a1d" relativeResultsDirectory="c33a9643-cd2d-493b-9171-8ddc74a2938b" />
    <UnitTestResult executionId="b6729978-4c12-4437-bc0f-9a055a5868a4" testId="f11118b3-4891-94d8-170f-1fedfd9693ac" testName="WorkAudit.Tests.Reports.ReportTemplateStoreTests.GetAllAccessibleTemplatesAsync_ShouldReturnUserAndSharedTemplates" computerName="MO" duration="00:00:00.0010000" startTime="2026-04-29T15:49:15.2710417+02:00" endTime="2026-04-29T15:49:15.2710417+02:00" testType="13cdc9d9-ddb5-4fa4-a97d-d965ccfc6d4b" outcome="NotExecuted" testListId="8c84fa94-04c1-424b-9868-57a2d4851a1d" relativeResultsDirectory="b6729978-4c12-4437-bc0f-9a055a5868a4">
      <Output>
        <ErrorInfo>
          <Message>Exception of type 'Xunit.SkipException' was thrown.</Message>
        </ErrorInfo>
      </Output>
    </UnitTestResult>
    <UnitTestResult executionId="61aad49b-7da6-42be-b0ba-4da91b4b3603" testId="ae59583c-a029-f719-6e68-b43d48318398" testName="WorkAudit.Tests.Reports.ReportTemplateStoreTests.DeleteTemplateAsync_ShouldRemoveTemplate" computerName="MO" duration="00:00:00.0010000" startTime="2026-04-29T15:49:15.2659463+02:00" endTime="2026-04-29T15:49:15.2659464+02:00" testType="13cdc9d9-ddb5-4fa4-a97d-d965ccfc6d4b" outcome="NotExecuted" testListId="8c84fa94-04c1-424b-9868-57a2d4851a1d" relativeResultsDirectory="61aad49b-7da6-42be-b0ba-4da91b4b3603">
      <Output>
        <ErrorInfo>
          <Message>Exception of type 'Xunit.SkipException' was thrown.</Message>
        </ErrorInfo>
      </Output>
    </UnitTestResult>
    <UnitTestResult executionId="967b72e0-f1ea-4c9a-861b-026b039ea2a3" testId="47e0e8bf-eab4-e680-40b5-e16283b5eb76" testName="WorkAudit.Tests.Integration.DocumentStoreTests.Insert_ShouldCreateDocument" computerName="MO" duration="00:00:00.0010000" startTime="2026-04-29T15:49:15.2499848+02:00" endTime="2026-04-29T15:49:15.2499852+02:00" testType="13cdc9d9-ddb5-4fa4-a97d-d965ccfc6d4b" outcome="NotExecuted" testListId="8c84fa94-04c1-424b-9868-57a2d4851a1d" relativeResultsDirectory="967b72e0-f1ea-4c9a-861b-026b039ea2a3">
      <Output>
        <ErrorInfo>
          <Message>Exception of type 'Xunit.SkipException' was thrown.</Message>
        </ErrorInfo>
      </Output>
    </UnitTestResult>
    <UnitTestResult executionId="aab0223e-059f-4798-89b6-5d06ad3b28f1" testId="0f883d81-d78b-10ca-f0c6-16250a164c8e" testName="WorkAudit.Tests.Core.TeamTaskPeriodHelperTests.Weekly_period_key_matches_iso_week" computerName="MO" duration="00:00:00.0007399" startTime="2026-04-29T15:49:15.2362115+02:00" endTime="2026-04-29T15:49:15.2362117+02:00" testType="13cdc9d9-ddb5-4fa4-a97d-d965ccfc6d4b" outcome="Passed" testListId="8c84fa94-04c1-424b-9868-57a2d4851a1d" relativeResultsDirectory="aab0223e-059f-4798-89b6-5d06ad3b28f1" />
    <UnitTestResult executionId="521a835a-3338-4754-82ac-8a902d058a9f" testId="d2f83b98-43b6-a00f-e9a9-5dbd4f27b0d8" testName="WorkAudit.Tests.Security.DatabaseEncryptionServiceTests.IsEncrypted_EmptyFile_ShouldReturnFalse" computerName="MO" duration="00:00:00.0051520" startTime="2026-04-29T15:49:15.7211316+02:00" endTime="2026-04-29T15:49:15.7211321+02:00" testType="13cdc9d9-ddb5-4fa4-a97d-d965ccfc6d4b" outcome="Passed" testListId="8c84fa94-04c1-424b-9868-57a2d4851a1d" relativeResultsDirectory="521a835a-3338-4754-82ac-8a902d058a9f" />
    <UnitTestResult executionId="8b0afcf9-32d2-43c7-841e-b4a894680cd9" testId="6f7e40b1-7656-096a-81fb-9ea3e583e07b" testName="WorkAudit.Tests.Reports.ReportBuilderServiceTests.ValidateTemplate_NoFields_ShouldReturnInvalid" computerName="MO" duration="00:00:00.0002575" startTime="2026-04-29T15:49:15.3694490+02:00" endTime="2026-04-29T15:49:15.3694492+02:00" testType="13cdc9d9-ddb5-4fa4-a97d-d965ccfc6d4b" outcome="Passed" testListId="8c84fa94-04c1-424b-9868-57a2d4851a1d" relativeResultsDirectory="8b0afcf9-32d2-43c7-841e-b4a894680cd9" />
    <UnitTestResult executionId="af3e1fdb-eca1-4016-b2e2-a7724c6900d0" testId="72914660-8801-a67a-7221-c3c52c2c6157" testName="WorkAudit.Tests.Security.PasswordServiceTests.HashPassword_NullPassword_ShouldThrowException" computerName="MO" duration="00:00:00.0004113" startTime="2026-04-29T15:49:17.8991314+02:00" endTime="2026-04-29T15:49:17.8991317+02:00" testType="13cdc9d9-ddb5-4fa4-a97d-d965ccfc6d4b" outcome="Passed" testListId="8c84fa94-04c1-424b-9868-57a2d4851a1d" relativeResultsDirectory="af3e1fdb-eca1-4016-b2e2-a7724c6900d0" />
    <UnitTestResult executionId="20082d9b-bc3b-49f6-8328-6fbc7e73d90a" testId="22d3d22c-ba4e-1b50-bd2b-141d508f0c6d" testName="WorkAudit.Tests.Domain.BranchesTests.ToConcreteBranchOrDefault_Normalizes(branch: &quot;Main Branch&quot;, expected: &quot;Main Branch&quot;)" computerName="MO" duration="00:00:00.0001310" startTime="2026-04-29T15:49:15.2561804+02:00" endTime="2026-04-29T15:49:15.2561804+02:00" testType="13cdc9d9-ddb5-4fa4-a97d-d965ccfc6d4b" outcome="Passed" testListId="8c84fa94-04c1-424b-9868-57a2d4851a1d" relativeResultsDirectory="20082d9b-bc3b-49f6-8328-6fbc7e73d90a" />
    <UnitTestResult executionId="06326e03-d392-40ca-91e3-125acf984854" testId="d99baa87-472d-4cea-2d64-1899cf2c133b" testName="WorkAudit.Tests.Security.SessionServiceTests.LoginAsync_ValidCredentials_ShouldSucceed" computerName="MO" duration="00:00:00.0070037" startTime="2026-04-29T15:49:15.3563060+02:00" endTime="2026-04-29T15:49:15.3563062+02:00" testType="13cdc9d9-ddb5-4fa4-a97d-d965ccfc6d4b" outcome="Passed" testListId="8c84fa94-04c1-424b-9868-57a2d4851a1d" relativeResultsDirectory="06326e03-d392-40ca-91e3-125acf984854" />
    <UnitTestResult executionId="21cbfd31-e3c4-425a-8718-3b6a7a3b5d31" testId="151859fa-3d01-4340-05db-4bf74aa2acc9" testName="WorkAudit.Tests.Security.SessionServiceTests.LogoutAsync_WhenAuthenticated_ShouldClearSession" computerName="MO" duration="00:00:00.0030902" startTime="2026-04-29T15:49:15.3694952+02:00" endTime="2026-04-29T15:49:15.3694953+02:00" testType="13cdc9d9-ddb5-4fa4-a97d-d965ccfc6d4b" outcome="Passed" testListId="8c84fa94-04c1-424b-9868-57a2d4851a1d" relativeResultsDirectory="21cbfd31-e3c4-425a-8718-3b6a7a3b5d31" />
    <UnitTestResult executionId="5515b80a-df64-4118-b135-38713f3da4b2" testId="2a24e709-2798-0c96-57f8-c132e768de24" testName="WorkAudit.Tests.Security.PasswordServiceTests.VerifyPassword_EmptyPassword_ShouldReturnFalse" computerName="MO" duration="00:00:00.2080954" startTime="2026-04-29T15:49:18.1075045+02:00" endTime="2026-04-29T15:49:18.1075051+02:00" testType="13cdc9d9-ddb5-4fa4-a97d-d965ccfc6d4b" outcome="Passed" testListId="8c84fa94-04c1-424b-9868-57a2d4851a1d" relativeResultsDirectory="5515b80a-df64-4118-b135-38713f3da4b2" />
    <UnitTestResult executionId="d0160731-42e1-4b7a-b55c-31b17c4b9298" testId="0d353f81-c56e-83cf-13d8-036bb01c2092" testName="WorkAudit.Tests.Security.SecureConfigServiceTests.Encrypt_SameValueTwice_ShouldProduceDifferentCiphertext" computerName="MO" duration="00:00:00.0794834" startTime="2026-04-29T15:49:15.5814215+02:00" endTime="2026-04-29T15:49:15.5814221+02:00" testType="13cdc9d9-ddb5-4fa4-a97d-d965ccfc6d4b" outcome="Passed" testListId="8c84fa94-04c1-424b-9868-57a2d4851a1d" relativeResultsDirectory="d0160731-42e1-4b7a-b55c-31b17c4b9298" />
    <UnitTestResult executionId="1770c63e-bcea-4620-a12f-f1be91c9061d" testId="e63226d9-2a14-9434-399b-350ab2a39b96" testName="WorkAudit.Tests.Security.SecureConfigServiceTests.Decrypt_InvalidEncryptedData_ShouldReturnNull" computerName="MO" duration="00:00:00.0012819" startTime="2026-04-29T15:49:15.2510719+02:00" endTime="2026-04-29T15:49:15.2510719+02:00" testType="13cdc9d9-ddb5-4fa4-a97d-d965ccfc6d4b" outcome="Passed" testListId="8c84fa94-04c1-424b-9868-57a2d4851a1d" relativeResultsDirectory="1770c63e-bcea-4620-a12f-f1be91c9061d" />
    <UnitTestResult executionId="df0932f3-cdff-4872-8d54-a2ee20a1b5f6" testId="c5561155-8230-428a-0043-ea4dedf4f9a6" testName="WorkAudit.Tests.Storage.ConfigStoreTests.SetSettingBool_And_GetSettingBool_ShouldWork" computerName="MO" duration="00:00:00.0010000" startTime="2026-04-29T15:49:15.2719263+02:00" endTime="2026-04-29T15:49:15.2719264+02:00" testType="13cdc9d9-ddb5-4fa4-a97d-d965ccfc6d4b" outcome="NotExecuted" testListId="8c84fa94-04c1-424b-9868-57a2d4851a1d" relativeResultsDirectory="df0932f3-cdff-4872-8d54-a2ee20a1b5f6">
      <Output>
        <ErrorInfo>
          <Message>Exception of type 'Xunit.SkipException' was thrown.</Message>
        </ErrorInfo>
      </Output>
    </UnitTestResult>
    <UnitTestResult executionId="4a16c3e2-5201-4f4f-9c3e-d041f383d164" testId="0c297b14-3203-054c-e404-b98ac4095388" testName="WorkAudit.Tests.TextExtraction.OcrSelectableTextLayoutBuilderTests.BuildFromWordTokens_GroupsByAdaptiveThreshold_BuildsFullTextAndSpans" computerName="MO" duration="00:00:00.0205172" startTime="2026-04-29T15:49:15.2722833+02:00" endTime="2026-04-29T15:49:15.2722834+02:00" testType="13cdc9d9-ddb5-4fa4-a97d-d965ccfc6d4b" outcome="Passed" testListId="8c84fa94-04c1-424b-9868-57a2d4851a1d" relativeResultsDirectory="4a16c3e2-5201-4f4f-9c3e-d041f383d164" />
    <UnitTestResult executionId="057eaa4a-7071-4616-bd11-b69456e81016" testId="b1a41b66-1184-cca0-f2fe-d3e29b96b3eb" testName="WorkAudit.Tests.Reports.ReportBuilderServiceTests.GetOperatorsForField_Boolean_ShouldReturnBooleanOperators" computerName="MO" duration="00:00:00.0049985" startTime="2026-04-29T15:49:15.3745533+02:00" endTime="2026-04-29T15:49:15.3745541+02:00" testType="13cdc9d9-ddb5-4fa4-a97d-d965ccfc6d4b" outcome="Passed" testListId="8c84fa94-04c1-424b-9868-57a2d4851a1d" relativeResultsDirectory="057eaa4a-7071-4616-bd11-b69456e81016" />
    <UnitTestResult executionId="ecbb1ffb-804e-490e-b44e-7308b51de638" testId="b9397b34-c8bb-e724-55b2-b2adfc8a7d68" testName="WorkAudit.Tests.Security.PasswordServiceTests.ValidatePasswordStrength_EmptyPassword_ShouldReturnFalse" computerName="MO" duration="00:00:00.0001101" startTime="2026-04-29T15:49:17.8992921+02:00" endTime="2026-04-29T15:49:17.8992923+02:00" testType="13cdc9d9-ddb5-4fa4-a97d-d965ccfc6d4b" outcome="Passed" testListId="8c84fa94-04c1-424b-9868-57a2d4851a1d" relativeResultsDirectory="ecbb1ffb-804e-490e-b44e-7308b51de638" />
    <UnitTestResult executionId="6de271fe-daeb-4a4b-8044-b5d31e5bf307" testId="8491a792-6923-0d4c-d5bb-2652471299bd" testName="WorkAudit.Tests.Security.PasswordServiceTests.VerifyPassword_IncorrectPassword_ShouldReturnFalse" computerName="MO" duration="00:00:00.5352078" startTime="2026-04-29T15:49:16.5053979+02:00" endTime="2026-04-29T15:49:16.5053985+02:00" testType="13cdc9d9-ddb5-4fa4-a97d-d965ccfc6d4b" outcome="Passed" testListId="8c84fa94-04c1-424b-9868-57a2d4851a1d" relativeResultsDirectory="6de271fe-daeb-4a4b-8044-b5d31e5bf307" />
    <UnitTestResult executionId="2014cd2c-8e48-47a0-978c-2a43eb1214ec" testId="f05205f9-040b-a98f-657d-0cf87c304da7" testName="WorkAudit.Tests.Security.DatabaseEncryptionServiceTests.EncryptDecrypt_BinaryContent_ShouldWork" computerName="MO" duration="00:00:00.0670121" startTime="2026-04-29T15:49:15.7884668+02:00" endTime="2026-04-29T15:49:15.7884674+02:00" testType="13cdc9d9-ddb5-4fa4-a97d-d965ccfc6d4b" outcome="Passed" testListId="8c84fa94-04c1-424b-9868-57a2d4851a1d" relativeResultsDirectory="2014cd2c-8e48-47a0-978c-2a43eb1214ec" />
    <UnitTestResult executionId="54baa718-b572-4d4e-9d0c-53521fa14f6b" testId="41c8c68f-33ec-1310-4458-1f6a9f3fa310" testName="WorkAudit.Tests.Integration.ReportBuilderIntegrationTests.SharedTemplates_ShouldBeAccessibleByAllUsers" computerName="MO" duration="00:00:00.0010000" startTime="2026-04-29T15:49:15.2663188+02:00" endTime="2026-04-29T15:49:15.2663188+02:00" testType="13cdc9d9-ddb5-4fa4-a97d-d965ccfc6d4b" outcome="NotExecuted" testListId="8c84fa94-04c1-424b-9868-57a2d4851a1d" relativeResultsDirectory="54baa718-b572-4d4e-9d0c-53521fa14f6b">
      <Output>
        <ErrorInfo>
          <Message>Exception of type 'Xunit.SkipException' was thrown.</Message>
        </ErrorInfo>
      </Output>
    </UnitTestResult>
    <UnitTestResult executionId="0996121d-1c49-4683-9157-6acc0fb11644" testId="d1b295da-9758-8daf-54e3-d7f0d2002d2f" testName="WorkAudit.Tests.Reports.ReportBuilderServiceTests.GetTemplateAsync_ShouldReturnTemplateFromStore" computerName="MO" duration="00:00:00.0017104" startTime="2026-04-29T15:49:15.3837214+02:00" endTime="2026-04-29T15:49:15.3837215+02:00" testType="13cdc9d9-ddb5-4fa4-a97d-d965ccfc6d4b" outcome="Passed" testListId="8c84fa94-04c1-424b-9868-57a2d4851a1d" relativeResultsDirectory="0996121d-1c49-4683-9157-6acc0fb11644" />
    <UnitTestResult executionId="5da8cd83-9679-47fd-a99a-94ea68895ff4" testId="fb603792-3aed-d0ca-54c8-a0ee15013da8" testName="WorkAudit.Tests.Storage.ConfigStoreTests.SetSetting_And_GetSettingValue_ShouldWork" computerName="MO" duration="00:00:00.0010000" startTime="2026-04-29T15:49:15.2593590+02:00" endTime="2026-04-29T15:49:15.2593593+02:00" testType="13cdc9d9-ddb5-4fa4-a97d-d965ccfc6d4b" outcome="NotExecuted" testListId="8c84fa94-04c1-424b-9868-57a2d4851a1d" relativeResultsDirectory="5da8cd83-9679-47fd-a99a-94ea68895ff4">
      <Output>
        <ErrorInfo>
          <Message>Exception of type 'Xunit.SkipException' was thrown.</Message>
        </ErrorInfo>
      </Output>
    </UnitTestResult>
    <UnitTestResult executionId="ed146cfd-447c-4f30-855f-809294af015b" testId="c82861c2-fd1d-37aa-c036-3e39b4734f8e" testName="WorkAudit.Tests.Core.Services.ShellPolicyServiceTests.BuildForRole_Manager_HasDashboardAndManagerAccess" computerName="MO" duration="00:00:00.0000698" startTime="2026-04-29T15:49:15.2596794+02:00" endTime="2026-04-29T15:49:15.2596794+02:00" testType="13cdc9d9-ddb5-4fa4-a97d-d965ccfc6d4b" outcome="Passed" testListId="8c84fa94-04c1-424b-9868-57a2d4851a1d" relativeResultsDirectory="ed146cfd-447c-4f30-855f-809294af015b" />
    <UnitTestResult executionId="52f5892b-22b4-4d86-aedb-05f455116cd2" testId="f57d59af-3ff6-f455-17c1-0e9985f018cd" testName="WorkAudit.Tests.Reports.ReportBuilderServiceTests.ValidateTemplate_ComplexValidTemplate_ShouldReturnValid" computerName="MO" duration="00:00:00.0011370" startTime="2026-04-29T15:49:15.3691247+02:00" endTime="2026-04-29T15:49:15.3691249+02:00" testType="13cdc9d9-ddb5-4fa4-a97d-d965ccfc6d4b" outcome="Passed" testListId="8c84fa94-04c1-424b-9868-57a2d4851a1d" relativeResultsDirectory="52f5892b-22b4-4d86-aedb-05f455116cd2" />
    <UnitTestResult executionId="6c82e787-71a0-416e-9ef9-d7a86181377c" testId="d9913eef-3652-1bbc-0253-58fa84e48c16" testName="WorkAudit.Tests.Storage.MarkupStoreTests.ReplaceForDocument_ThenGet_ShouldRoundTrip" computerName="MO" duration="00:00:00.0010000" startTime="2026-04-29T15:49:15.2722420+02:00" endTime="2026-04-29T15:49:15.2722421+02:00" testType="13cdc9d9-ddb5-4fa4-a97d-d965ccfc6d4b" outcome="NotExecuted" testListId="8c84fa94-04c1-424b-9868-57a2d4851a1d" relativeResultsDirectory="6c82e787-71a0-416e-9ef9-d7a86181377c">
      <Output>
        <ErrorInfo>
          <Message>Exception of type 'Xunit.SkipException' was thrown.</Message>
        </ErrorInfo>
      </Output>
    </UnitTestResult>
    <UnitTestResult executionId="2fde6b7e-33cb-43a8-a73d-898ab860d89a" testId="f4ce0d53-6ef3-14c8-aaee-f593977e10d2" testName="WorkAudit.Tests.Security.DatabaseEncryptionServiceTests.EncryptDatabaseFile_ValidFile_ShouldCreateEncryptedFile" computerName="MO" duration="00:00:00.0348723" startTime="2026-04-29T15:49:15.6679718+02:00" endTime="2026-04-29T15:49:15.6679723+02:00" testType="13cdc9d9-ddb5-4fa4-a97d-d965ccfc6d4b" outcome="Passed" testListId="8c84fa94-04c1-424b-9868-57a2d4851a1d" relativeResultsDirectory="2fde6b7e-33cb-43a8-a73d-898ab860d89a" />
    <UnitTestResult executionId="3521e395-9715-4823-b312-5cf19057384b" testId="26af2372-9582-9e0d-64f5-c1703147ca7d" testName="WorkAudit.Tests.Integration.ReportBuilderIntegrationTests.ReportGeneration_WithComplexFilters_ShouldFilterCorrectly" computerName="MO" duration="00:00:00.0010000" startTime="2026-04-29T15:49:15.2595906+02:00" endTime="2026-04-29T15:49:15.2595907+02:00" testType="13cdc9d9-ddb5-4fa4-a97d-d965ccfc6d4b" outcome="NotExecuted" testListId="8c84fa94-04c1-424b-9868-57a2d4851a1d" relativeResultsDirectory="3521e395-9715-4823-b312-5cf19057384b">
      <Output>
        <ErrorInfo>
          <Message>Exception of type 'Xunit.SkipException' was thrown.</Message>
        </ErrorInfo>
      </Output>
    </UnitTestResult>
    <UnitTestResult executionId="279116dc-c8e9-41af-9a5c-605d7db7d5c0" testId="f190e7c1-4b56-506c-d569-4e85361c13bb" testName="WorkAudit.Tests.Security.SecureConfigServiceTests.IsEncrypted_WithPrefix_ShouldReturnTrue" computerName="MO" duration="00:00:00.0207383" startTime="2026-04-29T15:49:15.4292646+02:00" endTime="2026-04-29T15:49:15.4292651+02:00" testType="13cdc9d9-ddb5-4fa4-a97d-d965ccfc6d4b" outcome="Passed" testListId="8c84fa94-04c1-424b-9868-57a2d4851a1d" relativeResultsDirectory="279116dc-c8e9-41af-9a5c-605d7db7d5c0" />
    <UnitTestResult executionId="096a8f93-2072-4f1c-a22e-348557882db2" testId="4670ff12-8b65-406d-baad-a34965662be4" testName="WorkAudit.Tests.Core.Services.StartupCoordinatorTests.Initialize_WhenManagedEnvRequiredAndMissing_ReturnsEnvRequiredCode" computerName="MO" duration="00:00:00.0427869" startTime="2026-04-29T15:49:15.2660917+02:00" endTime="2026-04-29T15:49:15.2660917+02:00" testType="13cdc9d9-ddb5-4fa4-a97d-d965ccfc6d4b" outcome="Passed" testListId="8c84fa94-04c1-424b-9868-57a2d4851a1d" relativeResultsDirectory="096a8f93-2072-4f1c-a22e-348557882db2" />
    <UnitTestResult executionId="57396d40-646d-428c-b079-ed2fab13ab6b" testId="221fedf4-64dd-2896-59aa-c2faca2cec2b" testName="WorkAudit.Tests.Performance.DocumentStoreLoadTests.Update_1000Documents_ShouldCompleteInReasonableTime" computerName="MO" duration="00:00:00.0010000" startTime="2026-04-29T15:49:15.2747187+02:00" endTime="2026-04-29T15:49:15.2747188+02:00" testType="13cdc9d9-ddb5-4fa4-a97d-d965ccfc6d4b" outcome="NotExecuted" testListId="8c84fa94-04c1-424b-9868-57a2d4851a1d" relativeResultsDirectory="57396d40-646d-428c-b079-ed2fab13ab6b">
      <Output>
        <ErrorInfo>
          <Message>Exception of type 'Xunit.SkipException' was thrown.</Message>
        </ErrorInfo>
      </Output>
    </UnitTestResult>
    <UnitTestResult executionId="0e25fa87-dd14-4f14-a283-173247c0cd3d" testId="c8c05770-b8c4-c9ad-e51b-280f393e539e" testName="WorkAudit.Tests.TextExtraction.OcrStructuredDataExtractorTests.Extract_ParsesKeyFields_FromBilingualText" computerName="MO" duration="00:00:00.0238174" startTime="2026-04-29T15:49:15.2867919+02:00" endTime="2026-04-29T15:49:15.2867926+02:00" testType="13cdc9d9-ddb5-4fa4-a97d-d965ccfc6d4b" outcome="Passed" testListId="8c84fa94-04c1-424b-9868-57a2d4851a1d" relativeResultsDirectory="0e25fa87-dd14-4f14-a283-173247c0cd3d" />
    <UnitTestResult executionId="42420d23-670b-40b7-9663-fa337313add0" testId="37bcf526-a079-19be-d014-51a4c52da1b2" testName="WorkAudit.Tests.Integration.SharedOracleConcurrencyTests.Migrate_ShouldIncludeSchedulerLeaderElection" computerName="MO" duration="00:00:00.0010000" startTime="2026-04-29T15:49:15.2526700+02:00" endTime="2026-04-29T15:49:15.2526702+02:00" testType="13cdc9d9-ddb5-4fa4-a97d-d965ccfc6d4b" outcome="NotExecuted" testListId="8c84fa94-04c1-424b-9868-57a2d4851a1d" relativeResultsDirectory="42420d23-670b-40b7-9663-fa337313add0">
      <Output>
        <ErrorInfo>
          <Message>Exception of type 'Xunit.SkipException' was thrown.</Message>
        </ErrorInfo>
      </Output>
    </UnitTestResult>
    <UnitTestResult executionId="b6c78757-b84f-4675-967e-6aa4d8552a71" testId="3ebf359d-e90d-4aec-1bad-78357fc10b41" testName="WorkAudit.Tests.Security.PasswordServiceTests.ValidatePasswordStrength_MultipleErrors_ShouldListAll" computerName="MO" duration="00:00:00.0001928" startTime="2026-04-29T15:49:17.8986239+02:00" endTime="2026-04-29T15:49:17.8986241+02:00" testType="13cdc9d9-ddb5-4fa4-a97d-d965ccfc6d4b" outcome="Passed" testListId="8c84fa94-04c1-424b-9868-57a2d4851a1d" relativeResultsDirectory="b6c78757-b84f-4675-967e-6aa4d8552a71" />
    <UnitTestResult executionId="da53db70-88e1-474d-84f1-f8efec7d8fcf" testId="01fa090a-60da-17f7-f654-ba68107d1e64" testName="WorkAudit.Tests.Integration.DocumentStoreTests.InsertAndUpdate_AccountFields_ShouldRoundTrip" computerName="MO" duration="00:00:00.0010000" startTime="2026-04-29T15:49:15.2512099+02:00" endTime="2026-04-29T15:49:15.2512100+02:00" testType="13cdc9d9-ddb5-4fa4-a97d-d965ccfc6d4b" outcome="NotExecuted" testListId="8c84fa94-04c1-424b-9868-57a2d4851a1d" relativeResultsDirectory="da53db70-88e1-474d-84f1-f8efec7d8fcf">
      <Output>
        <ErrorInfo>
          <Message>Exception of type 'Xunit.SkipException' was thrown.</Message>
        </ErrorInfo>
      </Output>
    </UnitTestResult>
    <UnitTestResult executionId="1a8cef89-2d35-4fa4-b1a2-68409be9dfb3" testId="4afe3662-444b-1fdb-2d3e-69a4df6868f4" testName="WorkAudit.Tests.Integration.SharedOracleConcurrencyTests.ParallelInserts_AllSucceedWithUniqueIds" computerName="MO" duration="00:00:00.0010000" startTime="2026-04-29T15:49:15.2525223+02:00" endTime="2026-04-29T15:49:15.2525224+02:00" testType="13cdc9d9-ddb5-4fa4-a97d-d965ccfc6d4b" outcome="NotExecuted" testListId="8c84fa94-04c1-424b-9868-57a2d4851a1d" relativeResultsDirectory="1a8cef89-2d35-4fa4-b1a2-68409be9dfb3">
      <Output>
        <ErrorInfo>
          <Message>Exception of type 'Xunit.SkipException' was thrown.</Message>
        </ErrorInfo>
      </Output>
    </UnitTestResult>
    <UnitTestResult executionId="9c5843af-153f-4bfe-acfa-a4209b82beb6" testId="95cb7a7f-e6bf-45f1-9b02-2a70d48a24e9" testName="WorkAudit.Tests.Security.DatabaseEncryptionServiceTests.Encrypt_SameFileTwice_ShouldProduceDifferentCiphertext" computerName="MO" duration="00:00:00.0635959" startTime="2026-04-29T15:49:15.6181085+02:00" endTime="2026-04-29T15:49:15.6181090+02:00" testType="13cdc9d9-ddb5-4fa4-a97d-d965ccfc6d4b" outcome="Passed" testListId="8c84fa94-04c1-424b-9868-57a2d4851a1d" relativeResultsDirectory="9c5843af-153f-4bfe-acfa-a4209b82beb6" />
    <UnitTestResult executionId="1cf5a4ee-458e-4c70-85a5-b9e1215be066" testId="7fc32640-3c34-b826-5428-28145e9767bc" testName="WorkAudit.Tests.Security.PasswordServiceTests.HashPassword_And_Verify_Integration" computerName="MO" duration="00:00:00.5158443" startTime="2026-04-29T15:49:17.0214732+02:00" endTime="2026-04-29T15:49:17.0214738+02:00" testType="13cdc9d9-ddb5-4fa4-a97d-d965ccfc6d4b" outcome="Passed" testListId="8c84fa94-04c1-424b-9868-57a2d4851a1d" relativeResultsDirectory="1cf5a4ee-458e-4c70-85a5-b9e1215be066" />
    <UnitTestResult executionId="9ac3af4f-0de9-4a73-8e95-ed217f956bb9" testId="c8d6ecd7-632f-d3f5-46ce-6eb31049e26a" testName="WorkAudit.Tests.Security.SessionServiceTests.IsAuthenticated_InitialState_ShouldBeFalse" computerName="MO" duration="00:00:00.0009648" startTime="2026-04-29T15:49:15.3812212+02:00" endTime="2026-04-29T15:49:15.3812215+02:00" testType="13cdc9d9-ddb5-4fa4-a97d-d965ccfc6d4b" outcome="Passed" testListId="8c84fa94-04c1-424b-9868-57a2d4851a1d" relativeResultsDirectory="9ac3af4f-0de9-4a73-8e95-ed217f956bb9" />
    <UnitTestResult executionId="ccd1169f-d6c0-4bd2-9b9b-4355976cbb5d" testId="c6584ae1-210f-fc60-3206-747d4ee3d9ee" testName="WorkAudit.Tests.Performance.DocumentStoreLoadTests.GetDistinct_Branches_FromLargeDataset_ShouldBeFast" computerName="MO" duration="00:00:00.0010000" startTime="2026-04-29T15:49:15.2731051+02:00" endTime="2026-04-29T15:49:15.2731051+02:00" testType="13cdc9d9-ddb5-4fa4-a97d-d965ccfc6d4b" outcome="NotExecuted" testListId="8c84fa94-04c1-424b-9868-57a2d4851a1d" relativeResultsDirectory="ccd1169f-d6c0-4bd2-9b9b-4355976cbb5d">
      <Output>
        <ErrorInfo>
          <Message>Exception of type 'Xunit.SkipException' was thrown.</Message>
        </ErrorInfo>
      </Output>
    </UnitTestResult>
    <UnitTestResult executionId="d97e455e-47be-4923-a6a9-93a712f5b9cc" testId="722abd4b-66bb-78c0-6781-278422a21209" testName="WorkAudit.Tests.Performance.DocumentStoreLoadTests.FullTextSearch_LargeDataset_ShouldPerformAdequately" computerName="MO" duration="00:00:00.0010000" startTime="2026-04-29T15:49:15.2727570+02:00" endTime="2026-04-29T15:49:15.2727571+02:00" testType="13cdc9d9-ddb5-4fa4-a97d-d965ccfc6d4b" outcome="NotExecuted" testListId="8c84fa94-04c1-424b-9868-57a2d4851a1d" relativeResultsDirectory="d97e455e-47be-4923-a6a9-93a712f5b9cc">
      <Output>
        <ErrorInfo>
          <Message>Exception of type 'Xunit.SkipException' was thrown.</Message>
        </ErrorInfo>
      </Output>
    </UnitTestResult>
    <UnitTestResult executionId="3c637279-c5e2-4ef0-a013-09a7c0a8b118" testId="4501de4e-12df-798a-05eb-44212068f893" testName="WorkAudit.Tests.TextExtraction.OcrTextNormalizerTests.IsOcrErrorMessage_DetectsPrefixes" computerName="MO" duration="00:00:00.0001728" startTime="2026-04-29T15:49:15.2551025+02:00" endTime="2026-04-29T15:49:15.2551025+02:00" testType="13cdc9d9-ddb5-4fa4-a97d-d965ccfc6d4b" outcome="Passed" testListId="8c84fa94-04c1-424b-9868-57a2d4851a1d" relativeResultsDirectory="3c637279-c5e2-4ef0-a013-09a7c0a8b118" />
    <UnitTestResult executionId="acaba804-8559-49b4-a5b1-5aaea80661dc" testId="bdaaaa68-94ce-d8b6-06b8-70065b7b51a4" testName="WorkAudit.Tests.TextExtraction.OcrNumberProtectorTests.Repair_FixesDigitSeparatorSpaces" computerName="MO" duration="00:00:00.0039081" startTime="2026-04-29T15:49:15.2594371+02:00" endTime="2026-04-29T15:49:15.2594372+02:00" testType="13cdc9d9-ddb5-4fa4-a97d-d965ccfc6d4b" outcome="Passed" testListId="8c84fa94-04c1-424b-9868-57a2d4851a1d" relativeResultsDirectory="acaba804-8559-49b4-a5b1-5aaea80661dc" />
    <UnitTestResult executionId="f50a08f1-4d58-4006-b7f5-19f3f7b711bd" testId="19aa54ac-8196-daa0-0cd2-ed8d51468991" testName="WorkAudit.Tests.Security.PasswordServiceTests.HashPassword_SamePasswordTwice_ShouldProduceDifferentHashes" computerName="MO" duration="00:00:00.4537099" startTime="2026-04-29T15:49:17.8964839+02:00" endTime="2026-04-29T15:49:17.8964845+02:00" testType="13cdc9d9-ddb5-4fa4-a97d-d965ccfc6d4b" outcome="Passed" testListId="8c84fa94-04c1-424b-9868-57a2d4851a1d" relativeResultsDirectory="f50a08f1-4d58-4006-b7f5-19f3f7b711bd" />
    <UnitTestResult executionId="a0559ecc-0b77-4ebb-acfb-e5fade7f9caf" testId="3c55d70a-1ff4-43f7-9777-7ba5dbbe9388" testName="WorkAudit.Tests.Backup.BackupServiceOracleTests.VerifyBackupAsync_WithOracleDump_ShouldPass" computerName="MO" duration="00:00:00.0275669" startTime="2026-04-29T15:49:18.1965486+02:00" endTime="2026-04-29T15:49:18.1965491+02:00" testType="13cdc9d9-ddb5-4fa4-a97d-d965ccfc6d4b" outcome="Passed" testListId="8c84fa94-04c1-424b-9868-57a2d4851a1d" relativeResultsDirectory="a0559ecc-0b77-4ebb-acfb-e5fade7f9caf" />
    <UnitTestResult executionId="93479453-1cae-4823-a773-df9369e75317" testId="098d3dea-a5b5-b115-5c76-169c75cb1e2d" testName="WorkAudit.Tests.Core.Backup.OracleBackupConnectionParserTests.TryParse_ValidOdpNetString_ShouldReturnUserAndDataSource" computerName="MO" duration="00:00:00.0247887" startTime="2026-04-29T15:49:15.2753916+02:00" endTime="2026-04-29T15:49:15.2753917+02:00" testType="13cdc9d9-ddb5-4fa4-a97d-d965ccfc6d4b" outcome="Passed" testListId="8c84fa94-04c1-424b-9868-57a2d4851a1d" relativeResultsDirectory="93479453-1cae-4823-a773-df9369e75317" />
    <UnitTestResult executionId="1b46b789-36c5-494b-beae-dcbf0aa450d5" testId="52beee8d-ac69-93dd-0ca7-605adbd83321" testName="WorkAudit.Tests.Domain.BranchesTests.UserMatchesAssigneeBranchFilter_AllBranchesUser_MatchesAnyConcreteBranch" computerName="MO" duration="00:00:00.0000738" startTime="2026-04-29T15:49:15.2575245+02:00" endTime="2026-04-29T15:49:15.2575245+02:00" testType="13cdc9d9-ddb5-4fa4-a97d-d965ccfc6d4b" outcome="Passed" testListId="8c84fa94-04c1-424b-9868-57a2d4851a1d" relativeResultsDirectory="1b46b789-36c5-494b-beae-dcbf0aa450d5" />
    <UnitTestResult executionId="80472348-5ff9-4b65-b5bc-d1d31a6576ce" testId="68fb2a86-f70f-1cb2-3d9d-0817848503f9" testName="WorkAudit.Tests.Integration.OracleCompatibilitySmokeTests.Migrate_ShouldApplyEventTimeCompatibilityChanges" computerName="MO" duration="00:00:00.0010000" startTime="2026-04-29T15:49:15.2743048+02:00" endTime="2026-04-29T15:49:15.2743053+02:00" testType="13cdc9d9-ddb5-4fa4-a97d-d965ccfc6d4b" outcome="NotExecuted" testListId="8c84fa94-04c1-424b-9868-57a2d4851a1d" relativeResultsDirectory="80472348-5ff9-4b65-b5bc-d1d31a6576ce">
      <Output>
        <ErrorInfo>
          <Message>Exception of type 'Xunit.SkipException' was thrown.</Message>
        </ErrorInfo>
      </Output>
    </UnitTestResult>
    <UnitTestResult executionId="9d3bcd91-16fb-4c03-aa87-1e5de8d7645f" testId="25cbd4eb-a74b-0255-400f-c115905b5dc4" testName="WorkAudit.Tests.Security.PasswordServiceTests.HashPassword_ShouldReturnBCryptHash" computerName="MO" duration="00:00:00.7379964" startTime="2026-04-29T15:49:15.9693772+02:00" endTime="2026-04-29T15:49:15.9693777+02:00" testType="13cdc9d9-ddb5-4fa4-a97d-d965ccfc6d4b" outcome="Passed" testListId="8c84fa94-04c1-424b-9868-57a2d4851a1d" relativeResultsDirectory="9d3bcd91-16fb-4c03-aa87-1e5de8d7645f" />
    <UnitTestResult executionId="c3488690-a195-40d8-9a86-c154058be0d8" testId="b7588e05-a4d0-6b97-1983-03476a8e5daf" testName="WorkAudit.Tests.Security.SessionServiceTests.LoginAsync_EmptyUsername_ShouldFail" computerName="MO" duration="00:00:00.0014259" startTime="2026-04-29T15:49:15.3801554+02:00" endTime="2026-04-29T15:49:15.3801557+02:00" testType="13cdc9d9-ddb5-4fa4-a97d-d965ccfc6d4b" outcome="Passed" testListId="8c84fa94-04c1-424b-9868-57a2d4851a1d" relativeResultsDirectory="c3488690-a195-40d8-9a86-c154058be0d8" />
    <UnitTestResult executionId="36c0a8c7-9b44-4055-afb4-7df3a2c4288d" testId="c981200c-f19a-530a-6b1c-174078fd3851" testName="WorkAudit.Tests.Backup.BackupServiceTests.CreateZipFromDirectoryResilientAsync_SkipsExclusivelyLockedFile_AndZipsOtherFiles" computerName="MO" duration="00:00:00.2263540" startTime="2026-04-29T15:49:18.4392529+02:00" endTime="2026-04-29T15:49:18.4392534+02:00" testType="13cdc9d9-ddb5-4fa4-a97d-d965ccfc6d4b" outcome="Passed" testListId="8c84fa94-04c1-424b-9868-57a2d4851a1d" relativeResultsDirectory="36c0a8c7-9b44-4055-afb4-7df3a2c4288d" />
    <UnitTestResult executionId="8ddca9ba-0372-4f95-b92b-b7ccc8445bbf" testId="1ace9ac3-02a3-220d-213b-2cccf610465c" testName="WorkAudit.Tests.Integration.ImportServiceIntegrationTests.ImportFilesAsync_DuplicatePathsInBatch_ImportsOnce" computerName="MO" duration="00:00:00.0010000" startTime="2026-04-29T15:49:15.3550578+02:00" endTime="2026-04-29T15:49:15.3550580+02:00" testType="13cdc9d9-ddb5-4fa4-a97d-d965ccfc6d4b" outcome="NotExecuted" testListId="8c84fa94-04c1-424b-9868-57a2d4851a1d" relativeResultsDirectory="8ddca9ba-0372-4f95-b92b-b7ccc8445bbf">
      <Output>
        <ErrorInfo>
          <Message>Exception of type 'Xunit.SkipException' was thrown.</Message>
        </ErrorInfo>
      </Output>
    </UnitTestResult>
    <UnitTestResult executionId="6fc34d40-bde7-45c1-8e55-ed9dd32cb0b9" testId="46fc6a67-809a-c32d-9bc9-674c5f161f25" testName="WorkAudit.Tests.DashboardViewModelTests.GetDateRange_LastThreeMonths_RollingFromSameDayOfMonth" computerName="MO" duration="00:00:00.0001134" startTime="2026-04-29T15:49:15.2465115+02:00" endTime="2026-04-29T15:49:15.2465116+02:00" testType="13cdc9d9-ddb5-4fa4-a97d-d965ccfc6d4b" outcome="Passed" testListId="8c84fa94-04c1-424b-9868-57a2d4851a1d" relativeResultsDirectory="6fc34d40-bde7-45c1-8e55-ed9dd32cb0b9" />
    <UnitTestResult executionId="78a21562-1e0a-4185-a93c-1c8edbf4f5ae" testId="e3916e97-13d5-c26c-ec7b-380b919d29b5" testName="WorkAudit.Tests.Security.PasswordServiceTests.ValidatePasswordStrength_TooLong_ShouldReturnFalse" computerName="MO" duration="00:00:00.0004339" startTime="2026-04-29T15:49:17.0226184+02:00" endTime="2026-04-29T15:49:17.0226186+02:00" testType="13cdc9d9-ddb5-4fa4-a97d-d965ccfc6d4b" outcome="Passed" testListId="8c84fa94-04c1-424b-9868-57a2d4851a1d" relativeResultsDirectory="78a21562-1e0a-4185-a93c-1c8edbf4f5ae" />
    <UnitTestResult executionId="986e155c-1eb7-435c-b563-96953050f1d9" testId="390f1aec-19c0-39fc-b397-c61bf122b50f" testName="WorkAudit.Tests.Domain.BranchesTests.ScopesToAllBranches_MatchesSentinel(branch: &quot;Main Branch&quot;, expected: False)" computerName="MO" duration="00:00:00.0001396" startTime="2026-04-29T15:49:15.2568051+02:00" endTime="2026-04-29T15:49:15.2568052+02:00" testType="13cdc9d9-ddb5-4fa4-a97d-d965ccfc6d4b" outcome="Passed" testListId="8c84fa94-04c1-424b-9868-57a2d4851a1d" relativeResultsDirectory="986e155c-1eb7-435c-b563-96953050f1d9" />
    <UnitTestResult executionId="10ee362c-68d1-4ddd-b10e-903380589cfa" testId="b5157ffd-9d64-e2ce-099c-d3abab5fa229" testName="WorkAudit.Tests.Storage.ConfigStoreTests.GetSecureSettingValue_NonEncryptedValue_ShouldReturnAsIs" computerName="MO" duration="00:00:00.0010000" startTime="2026-04-29T15:49:15.2708579+02:00" endTime="2026-04-29T15:49:15.2708582+02:00" testType="13cdc9d9-ddb5-4fa4-a97d-d965ccfc6d4b" outcome="NotExecuted" testListId="8c84fa94-04c1-424b-9868-57a2d4851a1d" relativeResultsDirectory="10ee362c-68d1-4ddd-b10e-903380589cfa">
      <Output>
        <ErrorInfo>
          <Message>Exception of type 'Xunit.SkipException' was thrown.</Message>
        </ErrorInfo>
      </Output>
    </UnitTestResult>
    <UnitTestResult executionId="ca4d6dd9-0d94-4508-97af-c5c5c6f45e0b" testId="6b59fa36-21cf-b5e8-d143-ec6a97d31a69" testName="WorkAudit.Tests.Storage.MarkupStoreTests.ReplaceForDocument_ShouldReplacePrevious" computerName="MO" duration="00:00:00.0010000" startTime="2026-04-29T15:49:15.2728863+02:00" endTime="2026-04-29T15:49:15.2728864+02:00" testType="13cdc9d9-ddb5-4fa4-a97d-d965ccfc6d4b" outcome="NotExecuted" testListId="8c84fa94-04c1-424b-9868-57a2d4851a1d" relativeResultsDirectory="ca4d6dd9-0d94-4508-97af-c5c5c6f45e0b">
      <Output>
        <ErrorInfo>
          <Message>Exception of type 'Xunit.SkipException' was thrown.</Message>
        </ErrorInfo>
      </Output>
    </UnitTestResult>
    <UnitTestResult executionId="e2572797-974c-4859-9c3e-088b7a91a388" testId="7d081a92-3733-b854-0e84-955644d8322e" testName="WorkAudit.Tests.Reports.ReportBuilderServiceTests.ValidateTemplate_FilterWithoutValue_ShouldReturnInvalid" computerName="MO" duration="00:00:00.0881024" startTime="2026-04-29T15:49:15.3469406+02:00" endTime="2026-04-29T15:49:15.3469407+02:00" testType="13cdc9d9-ddb5-4fa4-a97d-d965ccfc6d4b" outcome="Passed" testListId="8c84fa94-04c1-424b-9868-57a2d4851a1d" relativeResultsDirectory="e2572797-974c-4859-9c3e-088b7a91a388" />
    <UnitTestResult executionId="913b67b5-5f30-46a5-8382-ccf5d6aa2088" testId="3d7186a6-181b-be37-f714-0b928e8b7b8a" testName="WorkAudit.Tests.Performance.DocumentStoreLoadTests.ConcurrentReads_MultipleThreads_ShouldHandleLoad" computerName="MO" duration="00:00:00.0010000" startTime="2026-04-29T15:49:15.2753468+02:00" endTime="2026-04-29T15:49:15.2753469+02:00" testType="13cdc9d9-ddb5-4fa4-a97d-d965ccfc6d4b" outcome="NotExecuted" testListId="8c84fa94-04c1-424b-9868-57a2d4851a1d" relativeResultsDirectory="913b67b5-5f30-46a5-8382-ccf5d6aa2088">
      <Output>
        <ErrorInfo>
          <Message>Exception of type 'Xunit.SkipException' was thrown.</Message>
        </ErrorInfo>
      </Output>
    </UnitTestResult>
    <UnitTestResult executionId="458521a3-5aba-41ad-8422-26c869034944" testId="ae11901a-c286-abd5-fa56-e7f8f0546e01" testName="WorkAudit.Tests.Domain.BranchesTests.ScopesToAllBranches_MatchesSentinel(branch: &quot;  &quot;, expected: False)" computerName="MO" duration="00:00:00.0000051" startTime="2026-04-29T15:49:15.2568327+02:00" endTime="2026-04-29T15:49:15.2568327+02:00" testType="13cdc9d9-ddb5-4fa4-a97d-d965ccfc6d4b" outcome="Passed" testListId="8c84fa94-04c1-424b-9868-57a2d4851a1d" relativeResultsDirectory="458521a3-5aba-41ad-8422-26c869034944" />
    <UnitTestResult executionId="af78d879-2017-4454-aeae-62e8de0b7663" testId="47318c63-40e0-a554-7a50-0f5f76902649" testName="WorkAudit.Tests.Security.SecureConfigServiceTests.IsEncrypted_WithoutPrefix_ShouldReturnFalse" computerName="MO" duration="00:00:00.0009687" startTime="2026-04-29T15:49:15.3621784+02:00" endTime="2026-04-29T15:49:15.3621786+02:00" testType="13cdc9d9-ddb5-4fa4-a97d-d965ccfc6d4b" outcome="Passed" testListId="8c84fa94-04c1-424b-9868-57a2d4851a1d" relativeResultsDirectory="af78d879-2017-4454-aeae-62e8de0b7663" />
    <UnitTestResult executionId="bebcc253-e32e-4ba3-9dd4-6e71307dedaa" testId="78227309-c224-b585-4c05-cc486662c836" testName="WorkAudit.Tests.Integration.ReportBuilderIntegrationTests.ReportTemplate_CRUDOperations_ShouldPersist" computerName="MO" duration="00:00:00.0010000" startTime="2026-04-29T15:49:15.2709589+02:00" endTime="2026-04-29T15:49:15.2709590+02:00" testType="13cdc9d9-ddb5-4fa4-a97d-d965ccfc6d4b" outcome="NotExecuted" testListId="8c84fa94-04c1-424b-9868-57a2d4851a1d" relativeResultsDirectory="bebcc253-e32e-4ba3-9dd4-6e71307dedaa">
      <Output>
        <ErrorInfo>
          <Message>Exception of type 'Xunit.SkipException' was thrown.</Message>
        </ErrorInfo>
      </Output>
    </UnitTestResult>
    <UnitTestResult executionId="8b40621e-45e9-4d6d-81b4-1988ae805475" testId="41163431-0042-78e7-b04f-181c06b98e8c" testName="WorkAudit.Tests.TextExtraction.OcrTextNormalizerTests.Normalize_HyphenLineBreak_MergesBeforeLetter" computerName="MO" duration="00:00:00.0009753" startTime="2026-04-29T15:49:15.2539739+02:00" endTime="2026-04-29T15:49:15.2539740+02:00" testType="13cdc9d9-ddb5-4fa4-a97d-d965ccfc6d4b" outcome="Passed" testListId="8c84fa94-04c1-424b-9868-57a2d4851a1d" relativeResultsDirectory="8b40621e-45e9-4d6d-81b4-1988ae805475" />
    <UnitTestResult executionId="d64b07b7-aebc-4384-9ff3-aad351fc4b9c" testId="35752f0b-8171-16be-6fc9-9e25c6463d48" testName="WorkAudit.Tests.Security.PermissionServiceTests.HasPermission_NotAuthenticated_ShouldReturnFalse" computerName="MO" duration="00:00:00.0006766" startTime="2026-04-29T15:49:15.3557002+02:00" endTime="2026-04-29T15:49:15.3557004+02:00" testType="13cdc9d9-ddb5-4fa4-a97d-d965ccfc6d4b" outcome="Passed" testListId="8c84fa94-04c1-424b-9868-57a2d4851a1d" relativeResultsDirectory="d64b07b7-aebc-4384-9ff3-aad351fc4b9c" />
    <UnitTestResult executionId="dbbe16e4-fde5-4f55-8847-8a8a767673dd" testId="568b0beb-c97b-de79-8e37-550525f78e1b" testName="WorkAudit.Tests.Integration.DocumentStoreTests.GetByFileHash_ExistingHash_ShouldReturnDocument" computerName="MO" duration="00:00:00.0010000" startTime="2026-04-29T15:49:15.2510239+02:00" endTime="2026-04-29T15:49:15.2510240+02:00" testType="13cdc9d9-ddb5-4fa4-a97d-d965ccfc6d4b" outcome="NotExecuted" testListId="8c84fa94-04c1-424b-9868-57a2d4851a1d" relativeResultsDirectory="dbbe16e4-fde5-4f55-8847-8a8a767673dd">
      <Output>
        <ErrorInfo>
          <Message>Exception of type 'Xunit.SkipException' was thrown.</Message>
        </ErrorInfo>
      </Output>
    </UnitTestResult>
    <UnitTestResult executionId="5f59b3c2-754f-4c73-975e-f74952e053fb" testId="960932b4-b5c6-4493-0e33-2ebd2b2723eb" testName="WorkAudit.Tests.Security.PasswordServiceTests.ValidatePasswordStrength_ValidPassword_ShouldReturnTrue" computerName="MO" duration="00:00:00.0001372" startTime="2026-04-29T15:49:18.1083881+02:00" endTime="2026-04-29T15:49:18.1083885+02:00" testType="13cdc9d9-ddb5-4fa4-a97d-d965ccfc6d4b" outcome="Passed" testListId="8c84fa94-04c1-424b-9868-57a2d4851a1d" relativeResultsDirectory="5f59b3c2-754f-4c73-975e-f74952e053fb" />
    <UnitTestResult executionId="73aab304-8602-4d2e-9f10-ad9cf04135da" testId="9ad4e3db-92e1-dd22-eb86-fe83f3929420" testName="WorkAudit.Tests.Core.Services.ShellPolicyServiceTests.BuildForRole_Viewer_HasNoDashboardAccess" computerName="MO" duration="00:00:00.0003227" startTime="2026-04-29T15:49:15.2596404+02:00" endTime="2026-04-29T15:49:15.2596404+02:00" testType="13cdc9d9-ddb5-4fa4-a97d-d965ccfc6d4b" outcome="Passed" testListId="8c84fa94-04c1-424b-9868-57a2d4851a1d" relativeResultsDirectory="73aab304-8602-4d2e-9f10-ad9cf04135da" />
    <UnitTestResult executionId="ec3c07c1-2eab-4d0f-874a-34e0f72fd239" testId="2eb080c8-671b-6caa-eb28-dc85cfa97c0e" testName="WorkAudit.Tests.Integration.DocumentStoreTests.GetByFileHash_NonExistentHash_ShouldReturnNull" computerName="MO" duration="00:00:00.0010000" startTime="2026-04-29T15:49:15.2503422+02:00" endTime="2026-04-29T15:49:15.2503424+02:00" testType="13cdc9d9-ddb5-4fa4-a97d-d965ccfc6d4b" outcome="NotExecuted" testListId="8c84fa94-04c1-424b-9868-57a2d4851a1d" relativeResultsDirectory="ec3c07c1-2eab-4d0f-874a-34e0f72fd239">
      <Output>
        <ErrorInfo>
          <Message>Exception of type 'Xunit.SkipException' was thrown.</Message>
        </ErrorInfo>
      </Output>
    </UnitTestResult>
    <UnitTestResult executionId="6bbac6ea-4b50-402f-97f3-a3d2b3754ac9" testId="9ea21cbc-2253-9679-9e6f-75b39576a69d" testName="WorkAudit.Tests.Domain.BranchesTests.ScopesToAllBranches_MatchesSentinel(branch: null, expected: False)" computerName="MO" duration="00:00:00.0000015" startTime="2026-04-29T15:49:15.2574147+02:00" endTime="2026-04-29T15:49:15.2574148+02:00" testType="13cdc9d9-ddb5-4fa4-a97d-d965ccfc6d4b" outcome="Passed" testListId="8c84fa94-04c1-424b-9868-57a2d4851a1d" relativeResultsDirectory="6bbac6ea-4b50-402f-97f3-a3d2b3754ac9" />
    <UnitTestResult executionId="1a53cac5-8b3d-481f-8fa8-a996a8611e3e" testId="4eb09652-92ef-66c4-85a4-d72211d71b8b" testName="WorkAudit.Tests.Core.Services.StartupCoordinatorTests.LooksLikePlaceholderConnectionString_DetectsPlaceholderValues" computerName="MO" duration="00:00:00.0001210" startTime="2026-04-29T15:49:15.2773991+02:00" endTime="2026-04-29T15:49:15.2773991+02:00" testType="13cdc9d9-ddb5-4fa4-a97d-d965ccfc6d4b" outcome="Passed" testListId="8c84fa94-04c1-424b-9868-57a2d4851a1d" relativeResultsDirectory="1a53cac5-8b3d-481f-8fa8-a996a8611e3e" />
    <UnitTestResult executionId="59478ec6-4bcd-45c1-a141-3a6e8162d3fe" testId="3bb74e77-f8be-5461-a138-6bc6770b8129" testName="WorkAudit.Tests.Security.DatabaseEncryptionServiceTests.DecryptDatabaseFile_ValidEncryptedFile_ShouldRestoreOriginal" computerName="MO" duration="00:00:00.0535459" startTime="2026-04-29T15:49:15.8453622+02:00" endTime="2026-04-29T15:49:15.8453628+02:00" testType="13cdc9d9-ddb5-4fa4-a97d-d965ccfc6d4b" outcome="Passed" testListId="8c84fa94-04c1-424b-9868-57a2d4851a1d" relativeResultsDirectory="59478ec6-4bcd-45c1-a141-3a6e8162d3fe" />
    <UnitTestResult executionId="4d996533-2d6b-401b-a5d5-0c437453f92a" testId="7fc58338-8e42-ceb8-220c-219a12655c0f" testName="WorkAudit.Tests.Security.SecureConfigServiceTests.Encrypt_Decrypt_UnicodeCharacters_ShouldWork" computerName="MO" duration="00:00:00.0452017" startTime="2026-04-29T15:49:15.4083894+02:00" endTime="2026-04-29T15:49:15.4083898+02:00" testType="13cdc9d9-ddb5-4fa4-a97d-d965ccfc6d4b" outcome="Passed" testListId="8c84fa94-04c1-424b-9868-57a2d4851a1d" relativeResultsDirectory="4d996533-2d6b-401b-a5d5-0c437453f92a" />
    <UnitTestResult executionId="b3c76b10-3898-4a35-9f14-0cdfd4ca74ae" testId="e3a457b3-d5c5-f7cb-107d-6ba502841baa" testName="WorkAudit.Tests.Security.PermissionServiceTests.CanApproveDocument_Manager_ShouldReturnTrue" computerName="MO" duration="00:00:00.0011758" startTime="2026-04-29T15:49:15.3675775+02:00" endTime="2026-04-29T15:49:15.3675776+02:00" testType="13cdc9d9-ddb5-4fa4-a97d-d965ccfc6d4b" outcome="Passed" testListId="8c84fa94-04c1-424b-9868-57a2d4851a1d" relativeResultsDirectory="b3c76b10-3898-4a35-9f14-0cdfd4ca74ae" />
    <UnitTestResult executionId="08082683-b6a2-49d6-ba21-cf0d2e8b0a60" testId="e29f760c-5a61-3a83-965a-c3cbf02d5d0d" testName="WorkAudit.Tests.TextExtraction.OcrArabicNormalizerTests.Normalize_JoinsSplitAlefLam_OnArabicLine" computerName="MO" duration="00:00:00.0078417" startTime="2026-04-29T15:49:15.2520890+02:00" endTime="2026-04-29T15:49:15.2520891+02:00" testType="13cdc9d9-ddb5-4fa4-a97d-d965ccfc6d4b" outcome="Passed" testListId="8c84fa94-04c1-424b-9868-57a2d4851a1d" relativeResultsDirectory="08082683-b6a2-49d6-ba21-cf0d2e8b0a60" />
    <UnitTestResult executionId="e2d55b53-ce4e-4480-bd2d-c58f80958244" testId="c875afa5-e63b-10de-17d7-b122c83f3450" testName="WorkAudit.Tests.TextExtraction.OcrSelectableTextLayoutBuilderTests.BuildFromPreviewOcrRegions_SingleLinePerRegion" computerName="MO" duration="00:00:00.0245453" startTime="2026-04-29T15:49:15.2526902+02:00" endTime="2026-04-29T15:49:15.2526903+02:00" testType="13cdc9d9-ddb5-4fa4-a97d-d965ccfc6d4b" outcome="Passed" testListId="8c84fa94-04c1-424b-9868-57a2d4851a1d" relativeResultsDirectory="e2d55b53-ce4e-4480-bd2d-c58f80958244" />
    <UnitTestResult executionId="30882d44-b55d-4ec4-a2cd-d3b5c11fc2f4" testId="59318ed9-8e7a-f117-4e42-684e05067946" testName="WorkAudit.Tests.Security.SessionServiceTests.LoginAsync_Administrator_LockedWithCorrectPrimaryPassword_ShouldSucceedAndUnlock" computerName="MO" duration="00:00:00.0075763" startTime="2026-04-29T15:49:15.3669793+02:00" endTime="2026-04-29T15:49:15.3669798+02:00" testType="13cdc9d9-ddb5-4fa4-a97d-d965ccfc6d4b" outcome="Passed" testListId="8c84fa94-04c1-424b-9868-57a2d4851a1d" relativeResultsDirectory="30882d44-b55d-4ec4-a2cd-d3b5c11fc2f4" />
    <UnitTestResult executionId="5eb25121-826e-43d3-b0b5-b0eddf576c6d" testId="238d7fe6-e1ca-4717-35a0-d864752745ce" testName="WorkAudit.Tests.Integration.DocumentStoreTests.Delete_ShouldRemoveDocument" computerName="MO" duration="00:00:00.0010000" startTime="2026-04-29T15:49:15.2522609+02:00" endTime="2026-04-29T15:49:15.2522610+02:00" testType="13cdc9d9-ddb5-4fa4-a97d-d965ccfc6d4b" outcome="NotExecuted" testListId="8c84fa94-04c1-424b-9868-57a2d4851a1d" relativeResultsDirectory="5eb25121-826e-43d3-b0b5-b0eddf576c6d">
      <Output>
        <ErrorInfo>
          <Message>Exception of type 'Xunit.SkipException' was thrown.</Message>
        </ErrorInfo>
      </Output>
    </UnitTestResult>
    <UnitTestResult executionId="f2f420ce-8cd4-4b15-818a-3cdef6b1206a" testId="0020334d-2f12-b048-5c42-7d43e22db759" testName="WorkAudit.Tests.Domain.ControlPanelAccessPolicyTests.Full_control_panel_requires_manager_role(role: &quot;Auditor&quot;, expectedFullPanel: False)" computerName="MO" duration="00:00:00.0001984" startTime="2026-04-29T15:49:15.2550833+02:00" endTime="2026-04-29T15:49:15.2550833+02:00" testType="13cdc9d9-ddb5-4fa4-a97d-d965ccfc6d4b" outcome="Passed" testListId="8c84fa94-04c1-424b-9868-57a2d4851a1d" relativeResultsDirectory="f2f420ce-8cd4-4b15-818a-3cdef6b1206a" />
    <UnitTestResult executionId="a34ddf57-986a-495d-8b64-e3c80ebca5b4" testId="aff84159-5a25-35d2-d97f-a1481a575f95" testName="WorkAudit.Tests.DashboardViewModelTests.GetDateRange_Today_IsSingleCalendarDay" computerName="MO" duration="00:00:00.0134509" startTime="2026-04-29T15:49:15.2366919+02:00" endTime="2026-04-29T15:49:15.2366920+02:00" testType="13cdc9d9-ddb5-4fa4-a97d-d965ccfc6d4b" outcome="Passed" testListId="8c84fa94-04c1-424b-9868-57a2d4851a1d" relativeResultsDirectory="a34ddf57-986a-495d-8b64-e3c80ebca5b4" />
    <UnitTestResult executionId="bad75525-6e30-492d-a939-300a41c83a46" testId="238a8a58-ab17-fe02-c509-66af5c13643b" testName="WorkAudit.Tests.Security.PermissionServiceTests.GetEffectiveDocumentListBranchFilter_Auditor_ShouldReturnConcreteBranch" computerName="MO" duration="00:00:00.1167899" startTime="2026-04-29T15:49:15.3302482+02:00" endTime="2026-04-29T15:49:15.3302486+02:00" testType="13cdc9d9-ddb5-4fa4-a97d-d965ccfc6d4b" outcome="Passed" testListId="8c84fa94-04c1-424b-9868-57a2d4851a1d" relativeResultsDirectory="bad75525-6e30-492d-a939-300a41c83a46" />
    <UnitTestResult executionId="f314dafd-5064-4b8b-9c05-e3afb5a77b17" testId="fd22375d-2a52-32ca-c4f1-97be6cecc5fc" testName="WorkAudit.Tests.Domain.BranchesTests.UserMatchesAssigneeBranchFilter_SingleBranch_RequiresMatch" computerName="MO" duration="00:00:00.0000675" startTime="2026-04-29T15:49:15.2574847+02:00" endTime="2026-04-29T15:49:15.2574848+02:00" testType="13cdc9d9-ddb5-4fa4-a97d-d965ccfc6d4b" outcome="Passed" testListId="8c84fa94-04c1-424b-9868-57a2d4851a1d" relativeResultsDirectory="f314dafd-5064-4b8b-9c05-e3afb5a77b17" />
    <UnitTestResult executionId="890c7c79-b69a-4d54-814e-7efdbb0de1ea" testId="61a240db-1bf4-f0e7-41c4-4d523f640e74" testName="WorkAudit.Tests.DashboardViewModelTests.GetDateRange_Last1Year_Rolling" computerName="MO" duration="00:00:00.0001042" startTime="2026-04-29T15:49:15.2465883+02:00" endTime="2026-04-29T15:49:15.2465884+02:00" testType="13cdc9d9-ddb5-4fa4-a97d-d965ccfc6d4b" outcome="Passed" testListId="8c84fa94-04c1-424b-9868-57a2d4851a1d" relativeResultsDirectory="890c7c79-b69a-4d54-814e-7efdbb0de1ea" />
    <UnitTestResult executionId="ddf38491-9411-48ca-812b-570094b74193" testId="e4d6d2cb-319c-a110-9700-41b507209750" testName="WorkAudit.Tests.Integration.ReportBuilderIntegrationTests.TemplateValidation_InvalidTemplate_ShouldReturnErrors" computerName="MO" duration="00:00:00.0010000" startTime="2026-04-29T15:49:15.2560155+02:00" endTime="2026-04-29T15:49:15.2560157+02:00" testType="13cdc9d9-ddb5-4fa4-a97d-d965ccfc6d4b" outcome="NotExecuted" testListId="8c84fa94-04c1-424b-9868-57a2d4851a1d" relativeResultsDirectory="ddf38491-9411-48ca-812b-570094b74193">
      <Output>
        <ErrorInfo>
          <Message>Exception of type 'Xunit.SkipException' was thrown.</Message>
        </ErrorInfo>
      </Output>
    </UnitTestResult>
    <UnitTestResult executionId="4d41c285-a885-4bd3-aa50-4ec74059556f" testId="24b461c7-dfb8-e9ec-deaf-e1016c51153c" testName="WorkAudit.Tests.Core.Services.StartupCoordinatorTests.Initialize_WhenNoEnvironmentConnection_UsesPromptAndValidatesValue" computerName="MO" duration="00:00:00.0021237" startTime="2026-04-29T15:49:15.2772006+02:00" endTime="2026-04-29T15:49:15.2772006+02:00" testType="13cdc9d9-ddb5-4fa4-a97d-d965ccfc6d4b" outcome="Passed" testListId="8c84fa94-04c1-424b-9868-57a2d4851a1d" relativeResultsDirectory="4d41c285-a885-4bd3-aa50-4ec74059556f" />
    <UnitTestResult executionId="447fb590-9cd2-4b2a-ac7f-29df47570859" testId="bcdce8ff-bf24-88de-9d78-8fea3cb088b1" testName="WorkAudit.Tests.Backup.BackupServiceTests.VerifyBackupAsync_NonExistentFile_ShouldReturnError" computerName="MO" duration="00:00:00.0026955" startTime="2026-04-29T15:49:19.0205773+02:00" endTime="2026-04-29T15:49:19.0205777+02:00" testType="13cdc9d9-ddb5-4fa4-a97d-d965ccfc6d4b" outcome="Passed" testListId="8c84fa94-04c1-424b-9868-57a2d4851a1d" relativeResultsDirectory="447fb590-9cd2-4b2a-ac7f-29df47570859" />
    <UnitTestResult executionId="e16f692d-0963-4739-8139-8780d8aae587" testId="5f6586fb-34ef-459c-4a17-d7339de8484b" testName="WorkAudit.Tests.Security.PermissionServiceTests.CanEditDocument_Viewer_ShouldReturnFalse" computerName="MO" duration="00:00:00.0007104" startTime="2026-04-29T15:49:15.3468502+02:00" endTime="2026-04-29T15:49:15.3468506+02:00" testType="13cdc9d9-ddb5-4fa4-a97d-d965ccfc6d4b" outcome="Passed" testListId="8c84fa94-04c1-424b-9868-57a2d4851a1d" relativeResultsDirectory="e16f692d-0963-4739-8139-8780d8aae587" />
    <UnitTestResult executionId="08c7601d-e02e-4b35-bf43-89780b535012" testId="567ddaff-2181-69a6-9803-758537115189" testName="WorkAudit.Tests.Security.PermissionServiceTests.CanApproveDocument_Auditor_ShouldReturnFalse" computerName="MO" duration="00:00:00.0007613" startTime="2026-04-29T15:49:15.3628756+02:00" endTime="2026-04-29T15:49:15.3628757+02:00" testType="13cdc9d9-ddb5-4fa4-a97d-d965ccfc6d4b" outcome="Passed" testListId="8c84fa94-04c1-424b-9868-57a2d4851a1d" relativeResultsDirectory="08c7601d-e02e-4b35-bf43-89780b535012" />
    <UnitTestResult executionId="8c584075-d86c-494a-bf42-a90b759d2fc3" testId="9fe51aea-ee1b-a463-1eb3-77ef7a6928e4" testName="WorkAudit.Tests.Security.PermissionServiceTests.HasPermission_Viewer_ShouldOnlyViewDocuments" computerName="MO" duration="00:00:00.0010761" startTime="2026-04-29T15:49:15.3454262+02:00" endTime="2026-04-29T15:49:15.3454263+02:00" testType="13cdc9d9-ddb5-4fa4-a97d-d965ccfc6d4b" outcome="Passed" testListId="8c84fa94-04c1-424b-9868-57a2d4851a1d" relativeResultsDirectory="8c584075-d86c-494a-bf42-a90b759d2fc3" />
    <UnitTestResult executionId="5a758e8a-a296-443b-833d-bed2f0ecfba5" testId="6e465594-ae58-a5a4-9154-530e13a1041f" testName="WorkAudit.Tests.TextExtraction.OcrNumberProtectorTests.Repair_CollapsesHyphenBreakInId" computerName="MO" duration="00:00:00.0358415" startTime="2026-04-29T15:49:15.2584291+02:00" endTime="2026-04-29T15:49:15.2584292+02:00" testType="13cdc9d9-ddb5-4fa4-a97d-d965ccfc6d4b" outcome="Passed" testListId="8c84fa94-04c1-424b-9868-57a2d4851a1d" relativeResultsDirectory="5a758e8a-a296-443b-833d-bed2f0ecfba5" />
    <UnitTestResult executionId="6937b465-11c4-4798-8cd3-eca5c438222c" testId="1d38df89-df3b-0090-2703-86a92b6fab18" testName="WorkAudit.Tests.Domain.BranchesTests.ScopesToAllBranches_MatchesSentinel(branch: &quot;all branches&quot;, expected: True)" computerName="MO" duration="00:00:00.0000019" startTime="2026-04-29T15:49:15.2568622+02:00" endTime="2026-04-29T15:49:15.2568622+02:00" testType="13cdc9d9-ddb5-4fa4-a97d-d965ccfc6d4b" outcome="Passed" testListId="8c84fa94-04c1-424b-9868-57a2d4851a1d" relativeResultsDirectory="6937b465-11c4-4798-8cd3-eca5c438222c" />
    <UnitTestResult executionId="f8fbaf29-80d0-4833-8e84-4feb152c5256" testId="ba1f550b-89dc-cb3b-b9ae-475add2d5c34" testName="WorkAudit.Tests.DashboardViewModelTests.TimeRangeOptions_ContainsAllKeysUsedByGetDateRange" computerName="MO" duration="00:00:00.0006016" startTime="2026-04-29T15:49:15.2467122+02:00" endTime="2026-04-29T15:49:15.2467122+02:00" testType="13cdc9d9-ddb5-4fa4-a97d-d965ccfc6d4b" outcome="Passed" testListId="8c84fa94-04c1-424b-9868-57a2d4851a1d" relativeResultsDirectory="f8fbaf29-80d0-4833-8e84-4feb152c5256" />
    <UnitTestResult executionId="e4aea63d-5455-4e3d-802e-b9f8c6cec87a" testId="b99d36b0-22ef-216a-2fe6-a3001b91f14b" testName="WorkAudit.Tests.Storage.ConfigStoreTests.GetSecureSettingValue_ShouldDecryptValue" computerName="MO" duration="00:00:00.0010000" startTime="2026-04-29T15:49:15.2583810+02:00" endTime="2026-04-29T15:49:15.2583811+02:00" testType="13cdc9d9-ddb5-4fa4-a97d-d965ccfc6d4b" outcome="NotExecuted" testListId="8c84fa94-04c1-424b-9868-57a2d4851a1d" relativeResultsDirectory="e4aea63d-5455-4e3d-802e-b9f8c6cec87a">
      <Output>
        <ErrorInfo>
          <Message>Exception of type 'Xunit.SkipException' was thrown.</Message>
        </ErrorInfo>
[...]
[xUnit.net 00:00:00.25]       Exception of type 'Xunit.SkipException' was thrown.&#xD;
[xUnit.net 00:00:00.25]       Exception of type 'Xunit.SkipException' was thrown.&#xD;
[xUnit.net 00:00:00.25]       Exception of type 'Xunit.SkipException' was thrown.&#xD;
Test 'WorkAudit.Tests.Storage.MarkupStoreTests.ReplaceForDocument_MergedImageAndPdf_RoundTrip' was skipped in the test run.&#xD;
Test 'WorkAudit.Tests.Performance.DocumentStoreLoadTests.FullTextSearch_LargeDataset_ShouldPerformAdequately' was skipped in the test run.&#xD;
Test 'WorkAudit.Tests.Storage.MarkupStoreTests.ReplaceForDocument_ShouldReplacePrevious' was skipped in the test run.&#xD;
Test 'WorkAudit.Tests.Performance.DocumentStoreLoadTests.BulkInsert_500Documents_ShouldCompleteInReasonableTime' was skipped in the test run.&#xD;
Test 'WorkAudit.Tests.Integration.OracleCompatibilitySmokeTests.StorageLayer_ShouldRoundTripAuditAndPaginationQueries' was skipped in the test run.&#xD;
Test 'WorkAudit.Tests.Performance.DocumentStoreLoadTests.GetDistinct_Branches_FromLargeDataset_ShouldBeFast' was skipped in the test run.&#xD;
[xUnit.net 00:00:00.25]       Exception of type 'Xunit.SkipException' was thrown.&#xD;
[xUnit.net 00:00:00.25]       Exception of type 'Xunit.SkipException' was thrown.&#xD;
[xUnit.net 00:00:00.25]       Exception of type 'Xunit.SkipException' was thrown.&#xD;
[xUnit.net 00:00:00.25]       Exception of type 'Xunit.SkipException' was thrown.&#xD;
Test 'WorkAudit.Tests.Performance.DocumentStoreLoadTests.Query_10000Documents_ShouldReturnQuickly' was skipped in the test run.&#xD;
Test 'WorkAudit.Tests.Integration.OracleCompatibilitySmokeTests.Migrate_ShouldApplyEventTimeCompatibilityChanges' was skipped in the test run.&#xD;
Test 'WorkAudit.Tests.Performance.DocumentStoreLoadTests.Update_1000Documents_ShouldCompleteInReasonableTime' was skipped in the test run.&#xD;
Test 'WorkAudit.Tests.Performance.DocumentStoreLoadTests.ConcurrentReads_MultipleThreads_ShouldHandleLoad' was skipped in the test run.&#xD;
[xUnit.net 00:00:00.25]       Exception of type 'Xunit.SkipException' was thrown.&#xD;
Test 'WorkAudit.Tests.Performance.DocumentStoreLoadTests.GetDocumentById_FromLargeDataset_ShouldBeFast' was skipped in the test run.&#xD;
[xUnit.net 00:00:00.33]       Exception of type 'Xunit.SkipException' was thrown.&#xD;
[xUnit.net 00:00:00.33]       Exception of type 'Xunit.SkipException' was thrown.&#xD;
Test 'WorkAudit.Tests.Integration.ImportServiceIntegrationTests.ImportFilesAsync_SameBytesDifferentPaths_SkipsAfterFirstWhenSkipDuplicates' was skipped in the test run.&#xD;
Test 'WorkAudit.Tests.Integration.ImportServiceIntegrationTests.ImportFilesAsync_DuplicatePathsInBatch_ImportsOnce' was skipped in the test run.&#xD;
[xUnit.net 00:00:04.03]   Finished:    WorkAudit.Tests&#xD;
</StdOut>
    </Output>
    <RunInfos>
      <RunInfo computerName="MO" outcome="Warning" timestamp="2026-04-29T15:49:15.2892883+02:00">
        <Text>[xUnit.net 00:00:00.22]     WorkAudit.Tests.Integration.DocumentStoreTests.Insert_ShouldCreateDocument [SKIP]</Text>
      </RunInfo>
      <RunInfo computerName="MO" outcome="Warning" timestamp="2026-04-29T15:49:15.2899111+02:00">
        <Text>[xUnit.net 00:00:00.23]     WorkAudit.Tests.Integration.DocumentStoreTests.GetByFileHash_NonExistentHash_ShouldReturnNull [SKIP]</Text>
      </RunInfo>
      <RunInfo computerName="MO" outcome="Warning" timestamp="2026-04-29T15:49:15.2899894+02:00">
        <Text>[xUnit.net 00:00:00.23]     WorkAudit.Tests.Integration.SharedOracleConcurrencyTests.UpdateResult_WithFreshExpectedUpdatedAt_Succeeds [SKIP]</Text>
      </RunInfo>
      <RunInfo computerName="MO" outcome="Warning" timestamp="2026-04-29T15:49:15.2905317+02:00">
        <Text>[xUnit.net 00:00:00.23]     WorkAudit.Tests.Integration.DocumentStoreTests.GetByFileHash_ExistingHash_ShouldReturnDocument [SKIP]</Text>
      </RunInfo>
      <RunInfo computerName="MO" outcome="Warning" timestamp="2026-04-29T15:49:15.2905631+02:00">
        <Text>[xUnit.net 00:00:00.23]     WorkAudit.Tests.Integration.DocumentStoreTests.InsertAndUpdate_AccountFields_ShouldRoundTrip [SKIP]</Text>
      </RunInfo>
      <RunInfo computerName="MO" outcome="Warning" timestamp="2026-04-29T15:49:15.2905959+02:00">
        <Text>[xUnit.net 00:00:00.23]     WorkAudit.Tests.Integration.SharedOracleConcurrencyTests.UpdateResult_WithStaleExpectedUpdatedAt_ReturnsConcurrencyFailure [SKIP]</Text>
      </RunInfo>
      <RunInfo computerName="MO" outcome="Warning" timestamp="2026-04-29T15:49:15.2906239+02:00">
        <Text>[xUnit.net 00:00:00.23]     WorkAudit.Tests.Integration.DocumentStoreTests.ListDocuments_DefaultLimit_ShouldReturn500 [SKIP]</Text>
      </RunInfo>
      <RunInfo computerName="MO" outcome="Warning" timestamp="2026-04-29T15:49:15.2906503+02:00">
        <Text>[xUnit.net 00:00:00.23]     WorkAudit.Tests.Integration.DocumentStoreTests.ListDocuments_WithPagination_ShouldReturnCorrectPage [SKIP]</Text>
      </RunInfo>
      <RunInfo computerName="MO" outcome="Warning" timestamp="2026-04-29T15:49:15.2927545+02:00">
        <Text>[xUnit.net 00:00:00.23]     WorkAudit.Tests.Integration.DocumentStoreTests.Delete_ShouldRemoveDocument [SKIP]</Text>
      </RunInfo>
      <RunInfo computerName="MO" outcome="Warning" timestamp="2026-04-29T15:49:15.2927813+02:00">
        <Text>[xUnit.net 00:00:00.23]     WorkAudit.Tests.Integration.DocumentStoreTests.ListDocuments_OrdersOlderDocumentsBeforeNewer_OnDefaultQuery [SKIP]</Text>
      </RunInfo>
      <RunInfo computerName="MO" outcome="Warning" timestamp="2026-04-29T15:49:15.2928044+02:00">
        <Text>[xUnit.net 00:00:00.23]     WorkAudit.Tests.Integration.SharedOracleConcurrencyTests.ParallelInserts_AllSucceedWithUniqueIds [SKIP]</Text>
      </RunInfo>
      <RunInfo computerName="MO" outcome="Warning" timestamp="2026-04-29T15:49:15.2928304+02:00">
        <Text>[xUnit.net 00:00:00.23]     WorkAudit.Tests.Integration.SharedOracleConcurrencyTests.Migrate_ShouldIncludeSchedulerLeaderElection [SKIP]</Text>
      </RunInfo>
      <RunInfo computerName="MO" outcome="Warning" timestamp="2026-04-29T15:49:15.2933184+02:00">
        <Text>[xUnit.net 00:00:00.23]     WorkAudit.Tests.Integration.DocumentStoreTests.ListDocuments_WithBranchFilter_ShouldFilterCorrectly [SKIP]</Text>
      </RunInfo>
      <RunInfo computerName="MO" outcome="Warning" timestamp="2026-04-29T15:49:15.2933426+02:00">
        <Text>[xUnit.net 00:00:00.23]     WorkAudit.Tests.Integration.SchedulerLeaderElectionTests.TryAcquireOrRenew_SecondHolderFailsUntilLeaseExpires [SKIP]</Text>
      </RunInfo>
      <RunInfo computerName="MO" outcome="Warning" timestamp="2026-04-29T15:49:15.2933610+02:00">
        <Text>[xUnit.net 00:00:00.23]     WorkAudit.Tests.Integration.DocumentStoreTests.ListDocuments_TextSearch_ShouldMatchByDocumentId [SKIP]</Text>
      </RunInfo>
      <RunInfo computerName="MO" outcome="Warning" timestamp="2026-04-29T15:49:15.2933797+02:00">
        <Text>[xUnit.net 00:00:00.23]     WorkAudit.Tests.Integration.SchedulerLeaderElectionTests.TryAcquireOrRenew_SameHolderCanRenew [SKIP]</Text>
      </RunInfo>
      <RunInfo computerName="MO" outcome="Warning" timestamp="2026-04-29T15:49:15.2936063+02:00">
        <Text>[xUnit.net 00:00:00.23]     WorkAudit.Tests.Integration.DocumentStoreTests.Update_ShouldModifyDocument [SKIP]</Text>
      </RunInfo>
      <RunInfo computerName="MO" outcome="Warning" timestamp="2026-04-29T15:49:15.2938665+02:00">
        <Text>[xUnit.net 00:00:00.23]     WorkAudit.Tests.Integration.ReportBuilderIntegrationTests.TemplateValidation_InvalidTemplate_ShouldReturnErrors [SKIP]</Text>
      </RunInfo>
      <RunInfo computerName="MO" outcome="Warning" timestamp="2026-04-29T15:49:15.2942372+02:00">
        <Text>[xUnit.net 00:00:00.23]     WorkAudit.Tests.Integration.ReportBuilderIntegrationTests.ReportGeneration_WithSorting_ShouldOrderResults [SKIP]</Text>
      </RunInfo>
      <RunInfo computerName="MO" outcome="Warning" timestamp="2026-04-29T15:49:15.2942670+02:00">
        <Text>[xUnit.net 00:00:00.23]     WorkAudit.Tests.Integration.ReportBuilderIntegrationTests.GetAvailableFields_ShouldReturnComprehensiveFieldList [SKIP]</Text>
      </RunInfo>
      <RunInfo computerName="MO" outcome="Warning" timestamp="2026-04-29T15:49:15.2958947+02:00">
        <Text>[xUnit.net 00:00:00.23]     WorkAudit.Tests.Storage.ConfigStoreTests.GetSecureSettingValue_ShouldDecryptValue [SKIP]</Text>
      </RunInfo>
      <RunInfo computerName="MO" outcome="Warning" timestamp="2026-04-29T15:49:15.2959294+02:00">
        <Text>[xUnit.net 00:00:00.23]     WorkAudit.Tests.Storage.ConfigStoreTests.SetSettingInt_And_GetSettingInt_ShouldWork [SKIP]</Text>
      </RunInfo>
      <RunInfo computerName="MO" outcome="Warning" timestamp="2026-04-29T15:49:15.2959542+02:00">
        <Text>[xUnit.net 00:00:00.23]     WorkAudit.Tests.Integration.ReportBuilderIntegrationTests.ReportGeneration_WithDateRange_ShouldFilterByDate [SKIP]</Text>
      </RunInfo>
      <RunInfo computerName="MO" outcome="Warning" timestamp="2026-04-29T15:49:15.2960365+02:00">
        <Text>[xUnit.net 00:00:00.23]     WorkAudit.Tests.Storage.ConfigStoreTests.GetDocumentTypes_ShouldReturnActiveOnly [SKIP]</Text>
      </RunInfo>
      <RunInfo computerName="MO" outcome="Warning" timestamp="2026-04-29T15:49:15.2960727+02:00">
        <Text>[xUnit.net 00:00:00.23]     WorkAudit.Tests.Reports.ReportTemplateStoreTests.CreateTemplateAsync_WithComplexFiltersAndSorting_ShouldPreserveAll [SKIP]</Text>
      </RunInfo>
      <RunInfo computerName="MO" outcome="Warning" timestamp="2026-04-29T15:49:15.2971771+02:00">
        <Text>[xUnit.net 00:00:00.23]     WorkAudit.Tests.Storage.ConfigStoreTests.SetSetting_And_GetSettingValue_ShouldWork [SKIP]</Text>
      </RunInfo>
      <RunInfo computerName="MO" outcome="Warning" timestamp="2026-04-29T15:49:15.2972199+02:00">
        <Text>[xUnit.net 00:00:00.23]     WorkAudit.Tests.Integration.ReportBuilderIntegrationTests.ReportGeneration_WithComplexFilters_ShouldFilterCorrectly [SKIP]</Text>
      </RunInfo>
      <RunInfo computerName="MO" outcome="Warning" timestamp="2026-04-29T15:49:15.2972467+02:00">
        <Text>[xUnit.net 00:00:00.23]     WorkAudit.Tests.Storage.ConfigStoreTests.GetBranches_ShouldReturnAll [SKIP]</Text>
      </RunInfo>
      <RunInfo computerName="MO" outcome="Warning" timestamp="2026-04-29T15:49:15.2975732+02:00">
        <Text>[xUnit.net 00:00:00.24]     WorkAudit.Tests.Reports.ReportTemplateStoreTests.GetTemplatesByUserAsync_ShouldReturnUserTemplates [SKIP]</Text>
      </RunInfo>
      <RunInfo computerName="MO" outcome="Warning" timestamp="2026-04-29T15:49:15.2976015+02:00">
        <Text>[xUnit.net 00:00:00.24]     WorkAudit.Tests.Integration.ReportBuilderIntegrationTests.CompleteReportWorkflow_CreateTemplateAndGenerateReport_ShouldWork [SKIP]</Text>
      </RunInfo>
      <RunInfo computerName="MO" outcome="Warning" timestamp="2026-04-29T15:49:15.2976318+02:00">
        <Text>[xUnit.net 00:00:00.24]     WorkAudit.Tests.Storage.ConfigStoreTests.DeleteSetting_ShouldRemoveSetting [SKIP]</Text>
      </RunInfo>
      <RunInfo computerName="MO" outcome="Warning" timestamp="2026-04-29T15:49:15.2976573+02:00">
        <Text>[xUnit.net 00:00:00.24]     WorkAudit.Tests.Reports.ReportTemplateStoreTests.CreateTemplateAsync_ShouldCreateAndReturnId [SKIP]</Text>
      </RunInfo>
      <RunInfo computerName="MO" outcome="Warning" timestamp="2026-04-29T15:49:15.2976843+02:00">
        <Text>[xUnit.net 00:00:00.24]     WorkAudit.Tests.Storage.ConfigStoreTests.SetSecureSetting_ShouldEncryptValue [SKIP]</Text>
      </RunInfo>
      <RunInfo computerName="MO" outcome="Warning" timestamp="2026-04-29T15:49:15.2980869+02:00">
        <Text>[xUnit.net 00:00:00.24]     WorkAudit.Tests.Reports.ReportTemplateStoreTests.DeleteTemplateAsync_ShouldRemoveTemplate [SKIP]</Text>
      </RunInfo>
      <RunInfo computerName="MO" outcome="Warning" timestamp="2026-04-29T15:49:15.2981129+02:00">
        <Text>[xUnit.net 00:00:00.24]     WorkAudit.Tests.Integration.ReportBuilderIntegrationTests.MultipleUsers_ShouldHaveIsolatedTemplates [SKIP]</Text>
      </RunInfo>
      <RunInfo computerName="MO" outcome="Warning" timestamp="2026-04-29T15:49:15.2981409+02:00">
        <Text>[xUnit.net 00:00:00.24]     WorkAudit.Tests.Storage.ConfigStoreTests.GetSettingBool_NonExistent_ShouldReturnDefault [SKIP]</Text>
      </RunInfo>
      <RunInfo computerName="MO" outcome="Warning" timestamp="2026-04-29T15:49:15.2981683+02:00">
        <Text>[xUnit.net 00:00:00.24]     WorkAudit.Tests.Reports.ReportTemplateStoreTests.GetSharedTemplatesAsync_ShouldReturnOnlySharedTemplates [SKIP]</Text>
      </RunInfo>
      <RunInfo computerName="MO" outcome="Warning" timestamp="2026-04-29T15:49:15.2981941+02:00">
        <Text>[xUnit.net 00:00:00.24]     WorkAudit.Tests.Integration.ReportBuilderIntegrationTests.SharedTemplates_ShouldBeAccessibleByAllUsers [SKIP]</Text>
      </RunInfo>
      <RunInfo computerName="MO" outcome="Warning" timestamp="2026-04-29T15:49:15.2985534+02:00">
        <Text>[xUnit.net 00:00:00.24]     WorkAudit.Tests.Storage.ConfigStoreTests.InsertBranch_ShouldReturnId [SKIP]</Text>
      </RunInfo>
      <RunInfo computerName="MO" outcome="Warning" timestamp="2026-04-29T15:49:15.2985871+02:00">
        <Text>[xUnit.net 00:00:00.25]     WorkAudit.Tests.Storage.ConfigStoreTests.GetSecureSettingValue_NonEncryptedValue_ShouldReturnAsIs [SKIP]</Text>
      </RunInfo>
      <RunInfo computerName="MO" outcome="Warning" timestamp="2026-04-29T15:49:15.2986209+02:00">
        <Text>[xUnit.net 00:00:00.25]     WorkAudit.Tests.Integration.ReportBuilderIntegrationTests.ReportTemplate_CRUDOperations_ShouldPersist [SKIP]</Text>
      </RunInfo>
      <RunInfo computerName="MO" outcome="Warning" timestamp="2026-04-29T15:49:15.2986479+02:00">
        <Text>[xUnit.net 00:00:00.25]     WorkAudit.Tests.Reports.ReportTemplateStoreTests.GetAllAccessibleTemplatesAsync_ShouldReturnUserAndSharedTemplates [SKIP]</Text>
      </RunInfo>
      <RunInfo computerName="MO" outcome="Warning" timestamp="2026-04-29T15:49:15.2986734+02:00">
        <Text>[xUnit.net 00:00:00.25]     WorkAudit.Tests.Storage.ConfigStoreTests.InsertDocumentType_ShouldReturnId [SKIP]</Text>
      </RunInfo>
      <RunInfo computerName="MO" outcome="Warning" timestamp="2026-04-29T15:49:15.2987012+02:00">
        <Text>[xUnit.net 00:00:00.25]     WorkAudit.Tests.Storage.ConfigStoreTests.InsertCategory_ShouldReturnId [SKIP]</Text>
      </RunInfo>
      <RunInfo computerName="MO" outcome="Warning" timestamp="2026-04-29T15:49:15.2987343+02:00">
        <Text>[xUnit.net 00:00:00.25]     WorkAudit.Tests.Reports.ReportTemplateStoreTests.UpdateTemplateAsync_ShouldUpdateTemplate [SKIP]</Text>
      </RunInfo>
      <RunInfo computerName="MO" outcome="Warning" timestamp="2026-04-29T15:49:15.2992624+02:00">
        <Text>[xUnit.net 00:00:00.25]     WorkAudit.Tests.Storage.ConfigStoreTests.UpdateDocumentType_ShouldModifyExisting [SKIP]</Text>
      </RunInfo>
      <RunInfo computerName="MO" outcome="Warning" timestamp="2026-04-29T15:49:15.2992879+02:00">
        <Text>[xUnit.net 00:00:00.25]     WorkAudit.Tests.Reports.ReportTemplateStoreTests.GetTemplateAsync_NonExistingTemplate_ShouldReturnNull [SKIP]</Text>
      </RunInfo>
      <RunInfo computerName="MO" outcome="Warning" timestamp="2026-04-29T15:49:15.2993122+02:00">
        <Text>[xUnit.net 00:00:00.25]     WorkAudit.Tests.Storage.ConfigStoreTests.SetSettingBool_And_GetSettingBool_ShouldWork [SKIP]</Text>
      </RunInfo>
      <RunInfo computerName="MO" outcome="Warning" timestamp="2026-04-29T15:49:15.2993362+02:00">
        <Text>[xUnit.net 00:00:00.25]     WorkAudit.Tests.Reports.ReportTemplateStoreTests.GetTemplateAsync_ExistingTemplate_ShouldReturnTemplate [SKIP]</Text>
      </RunInfo>
      <RunInfo computerName="MO" outcome="Warning" timestamp="2026-04-29T15:49:15.2993610+02:00">
        <Text>[xUnit.net 00:00:00.25]     WorkAudit.Tests.Storage.ConfigStoreTests.GetSettingValue_NonExistent_ShouldReturnDefault [SKIP]</Text>
      </RunInfo>
      <RunInfo computerName="MO" outcome="Warning" timestamp="2026-04-29T15:49:15.2993859+02:00">
        <Text>[xUnit.net 00:00:00.25]     WorkAudit.Tests.Storage.MarkupStoreTests.ReplaceForDocument_ThenGet_ShouldRoundTrip [SKIP]</Text>
      </RunInfo>
      <RunInfo computerName="MO" outcome="Warning" timestamp="2026-04-29T15:49:15.2997446+02:00">
        <Text>[xUnit.net 00:00:00.25]     WorkAudit.Tests.Storage.MarkupStoreTests.ReplaceForDocument_MergedImageAndPdf_RoundTrip [SKIP]</Text>
      </RunInfo>
      <RunInfo computerName="MO" outcome="Warning" timestamp="2026-04-29T15:49:15.2997729+02:00">
        <Text>[xUnit.net 00:00:00.25]     WorkAudit.Tests.Performance.DocumentStoreLoadTests.FullTextSearch_LargeDataset_ShouldPerformAdequately [SKIP]</Text>
      </RunInfo>
      <RunInfo computerName="MO" outcome="Warning" timestamp="2026-04-29T15:49:15.2997983+02:00">
        <Text>[xUnit.net 00:00:00.25]     WorkAudit.Tests.Storage.MarkupStoreTests.ReplaceForDocument_ShouldReplacePrevious [SKIP]</Text>
      </RunInfo>
      <RunInfo computerName="MO" outcome="Warning" timestamp="2026-04-29T15:49:15.2998326+02:00">
        <Text>[xUnit.net 00:00:00.25]     WorkAudit.Tests.Performance.DocumentStoreLoadTests.BulkInsert_500Documents_ShouldCompleteInReasonableTime [SKIP]</Text>
      </RunInfo>
      <RunInfo computerName="MO" outcome="Warning" timestamp="2026-04-29T15:49:15.2998575+02:00">
        <Text>[xUnit.net 00:00:00.25]     WorkAudit.Tests.Integration.OracleCompatibilitySmokeTests.StorageLayer_ShouldRoundTripAuditAndPaginationQueries [SKIP]</Text>
      </RunInfo>
      <RunInfo computerName="MO" outcome="Warning" timestamp="2026-04-29T15:49:15.2998839+02:00">
        <Text>[xUnit.net 00:00:00.25]     WorkAudit.Tests.Performance.DocumentStoreLoadTests.GetDistinct_Branches_FromLargeDataset_ShouldBeFast [SKIP]</Text>
      </RunInfo>
      <RunInfo computerName="MO" outcome="Warning" timestamp="2026-04-29T15:49:15.3005347+02:00">
        <Text>[xUnit.net 00:00:00.25]     WorkAudit.Tests.Performance.DocumentStoreLoadTests.Query_10000Documents_ShouldReturnQuickly [SKIP]</Text>
      </RunInfo>
      <RunInfo computerName="MO" outcome="Warning" timestamp="2026-04-29T15:49:15.3006613+02:00">
        <Text>[xUnit.net 00:00:00.25]     WorkAudit.Tests.Integration.OracleCompatibilitySmokeTests.Migrate_ShouldApplyEventTimeCompatibilityChanges [SKIP]</Text>
      </RunInfo>
      <RunInfo computerName="MO" outcome="Warning" timestamp="2026-04-29T15:49:15.3006904+02:00">
        <Text>[xUnit.net 00:00:00.25]     WorkAudit.Tests.Performance.DocumentStoreLoadTests.Update_1000Documents_ShouldCompleteInReasonableTime [SKIP]</Text>
      </RunInfo>
      <RunInfo computerName="MO" outcome="Warning" timestamp="2026-04-29T15:49:15.3007154+02:00">
        <Text>[xUnit.net 00:00:00.25]     WorkAudit.Tests.Performance.DocumentStoreLoadTests.ConcurrentReads_MultipleThreads_ShouldHandleLoad [SKIP]</Text>
      </RunInfo>
      <RunInfo computerName="MO" outcome="Warning" timestamp="2026-04-29T15:49:15.3010735+02:00">
        <Text>[xUnit.net 00:00:00.25]     WorkAudit.Tests.Performance.DocumentStoreLoadTests.GetDocumentById_FromLargeDataset_ShouldBeFast [SKIP]</Text>
      </RunInfo>
      <RunInfo computerName="MO" outcome="Warning" timestamp="2026-04-29T15:49:15.3520011+02:00">
        <Text>[xUnit.net 00:00:00.33]     WorkAudit.Tests.Integration.ImportServiceIntegrationTests.ImportFilesAsync_SameBytesDifferentPaths_SkipsAfterFirstWhenSkipDuplicates [SKIP]</Text>
      </RunInfo>
      <RunInfo computerName="MO" outcome="Warning" timestamp="2026-04-29T15:49:15.3553356+02:00">
        <Text>[xUnit.net 00:00:00.33]     WorkAudit.Tests.Integration.ImportServiceIntegrationTests.ImportFilesAsync_DuplicatePathsInBatch_ImportsOnce [SKIP]</Text>
      </RunInfo>
    </RunInfos>
  </ResultSummary>
</TestRun>